#
# A fatal error has been detected by the Java Runtime Environment:
#
#  SIGBUS (0xa) at pc=0x00000001056dc5e8, pid=4966, tid=37891
#
# JRE version: OpenJDK Runtime Environment Zulu13.35+1017-CA (13.0.5.1+1) (build 13.0.5.1+1-MTS)
# Java VM: OpenJDK 64-Bit Server VM Zulu13.35+1017-CA (13.0.5.1+1-MTS, mixed mode, tiered, compressed oops, g1 gc, bsd-aarch64)
# Problematic frame:
# V  [libjvm.dylib+0x6dc5e8]  _ZN21MarkActivationClosure12do_code_blobEP8CodeBlob+0x3c
#
# No core dump will be written. Core dumps have been disabled. To enable core dumping, try "ulimit -c unlimited" before starting Java again
#
# If you would like to submit a bug report, please visit:
#   http://www.azulsystems.com/support/
#

---------------  S U M M A R Y ------------

Command Line: -agentlib:jdwp=transport=dt_socket,address=127.0.0.1:52203,suspend=y,server=n -javaagent:/Users/tobialoschiavo/Library/Caches/JetBrains/IntelliJIdea2021.2/captureAgent/debugger-agent.jar -Dfile.encoding=UTF-8 zio.entity.example.CardSpec

Host: MacBookPro17,1 arm64 1 MHz, 8 cores, 16G, Darwin 20.5.0
Time: Tue Aug  3 19:04:49 2021 CEST elapsed time: 1 seconds (0d 0h 0m 1s)

---------------  T H R E A D  ---------------

Current thread (0x00000001181cb800):  JavaThread "zio-default-async-6" daemon [_thread_in_vm, id=37891, stack(0x0000000173518000,0x000000017371b000)]

Stack: [0x0000000173518000,0x000000017371b000],  sp=0x0000000173718870,  free space=2050k
Native frames: (J=compiled Java code, A=aot compiled Java code, j=interpreted, Vv=VM code, C=native code)
V  [libjvm.dylib+0x6dc5e8]  _ZN21MarkActivationClosure12do_code_blobEP8CodeBlob+0x3c
V  [libjvm.dylib+0x70ae04]  _ZN10JavaThread11nmethods_doEP15CodeBlobClosure+0x78
V  [libjvm.dylib+0x2de820]  _ZN25HandshakeThreadsOperation12do_handshakeEP10JavaThread+0xcc
V  [libjvm.dylib+0x2debc4]  _ZN14HandshakeState18process_self_innerEP10JavaThread+0x110
V  [libjvm.dylib+0x62262c]  _ZN18SafepointMechanism18block_or_handshakeEP10JavaThread+0x60
V  [libjvm.dylib+0x622654]  _ZN18SafepointMechanism23block_if_requested_slowEP10JavaThread+0x18
V  [libjvm.dylib+0x15c444]  _ZN21ThreadStateTransition5transE15JavaThreadStateS0_+0x4c
V  [libjvm.dylib+0x487dfc]  _ZN8JvmtiEnv21GetThreadLocalStorageEP8_jobjectPPv+0x244
C  [libjdwp.dylib+0x1ebb8]  findThread+0x84
C  [libjdwp.dylib+0x202a0]  threadControl_onEventHandlerExit+0x60
C  [libjdwp.dylib+0x16d58]  event_callback+0x394
C  [libjdwp.dylib+0x14c44]  cbClassPrepare+0xc0
V  [libjvm.dylib+0x496f64]  _ZN11JvmtiExport18post_class_prepareEP10JavaThreadP5Klass+0x1c0
V  [libjvm.dylib+0x3046e0]  _ZN13InstanceKlass15link_class_implEP6Thread+0x324
V  [libjvm.dylib+0x304814]  _ZN13InstanceKlass15initialize_implEP6Thread+0x54
V  [libjvm.dylib+0x315344]  _ZN18InterpreterRuntime4_newEP10JavaThreadP12ConstantPooli+0x84
j  scala.collection.immutable.HashSetBuilder.newEmptyRootNode()Lscala/collection/immutable/BitmapIndexedSetNode;+0
j  scala.collection.immutable.HashSetBuilder.<init>()V+6
j  scala.collection.immutable.SetBuilderImpl.addOne(Ljava/lang/Object;)Lscala/collection/immutable/SetBuilderImpl;+88
j  scala.collection.immutable.SetBuilderImpl.addOne(Ljava/lang/Object;)Lscala/collection/mutable/Growable;+2
J 9972 c2 scala.collection.mutable.Growable.addAll(Lscala/collection/IterableOnce;)Lscala/collection/mutable/Growable; (56 bytes) @ 0x0000000138ae032c [0x0000000138ae00c0+0x000000000000026c]
J 1283 c1 scala.collection.mutable.Growable.addAll$(Lscala/collection/mutable/Growable;Lscala/collection/IterableOnce;)Lscala/collection/mutable/Growable; (6 bytes) @ 0x000000013181917c [0x00000001318190c0+0x00000000000000bc]
j  scala.collection.immutable.SetBuilderImpl.addAll(Lscala/collection/IterableOnce;)Lscala/collection/immutable/SetBuilderImpl;+20
j  scala.collection.immutable.Set$.from(Lscala/collection/IterableOnce;)Lscala/collection/immutable/Set;+74
j  scala.collection.IterableOnceOps.toSet()Lscala/collection/immutable/Set;+7
j  scala.collection.IterableOnceOps.toSet$(Lscala/collection/IterableOnceOps;)Lscala/collection/immutable/Set;+1
j  scala.collection.AbstractIterable.toSet()Lscala/collection/immutable/Set;+1
j  izumi.reflect.macrortti.LightTypeTagRef.applyParameters(Lscala/Function1;)Lizumi/reflect/macrortti/LightTypeTagRef$AbstractReference;+118
j  izumi.reflect.macrortti.LightTypeTagRef.applyParameters$(Lizumi/reflect/macrortti/LightTypeTagRef;Lscala/Function1;)Lizumi/reflect/macrortti/LightTypeTagRef$AbstractReference;+2
j  izumi.reflect.macrortti.LightTypeTagRef$Lambda.applyParameters(Lscala/Function1;)Lizumi/reflect/macrortti/LightTypeTagRef$AbstractReference;+2
j  izumi.reflect.macrortti.LightTypeTagRef.applySeq(Lscala/collection/immutable/Seq;)Lizumi/reflect/macrortti/LightTypeTagRef$AbstractReference;+7
j  izumi.reflect.macrortti.LightTypeTagRef.applySeq$(Lizumi/reflect/macrortti/LightTypeTagRef;Lscala/collection/immutable/Seq;)Lizumi/reflect/macrortti/LightTypeTagRef$AbstractReference;+2
j  izumi.reflect.macrortti.LightTypeTagRef$Lambda.applySeq(Lscala/collection/immutable/Seq;)Lizumi/reflect/macrortti/LightTypeTagRef$AbstractReference;+2
j  izumi.reflect.macrortti.LightTypeTagRef.combine(Lscala/collection/immutable/Seq;)Lizumi/reflect/macrortti/LightTypeTagRef$AbstractReference;+15
j  izumi.reflect.macrortti.LightTypeTagRef.combine$(Lizumi/reflect/macrortti/LightTypeTagRef;Lscala/collection/immutable/Seq;)Lizumi/reflect/macrortti/LightTypeTagRef$AbstractReference;+2
j  izumi.reflect.macrortti.LightTypeTagRef$Lambda.combine(Lscala/collection/immutable/Seq;)Lizumi/reflect/macrortti/LightTypeTagRef$AbstractReference;+2
j  izumi.reflect.macrortti.LightTypeTag.combine(Lscala/collection/immutable/Seq;)Lizumi/reflect/macrortti/LightTypeTag;+43
j  izumi.reflect.Tag$.appliedTag(Lizumi/reflect/HKTag;Lscala/collection/immutable/List;)Lizumi/reflect/Tag;+13
j  zio.entity.test.TestEntityRuntime$.$anonfun$testEntity$8(Lizumi/reflect/Tag;Lizumi/reflect/Tag;Lizumi/reflect/Tag;Lizumi/reflect/Tag;Lizumi/reflect/Tag;Lscala/Tuple2;)Lzio/Has;+127
j  zio.entity.test.TestEntityRuntime$$$Lambda$699.apply(Ljava/lang/Object;)Ljava/lang/Object;+24
J 11966 c1 zio.ZIO$MapFn.apply(Ljava/lang/Object;)Ljava/lang/Object; (6 bytes) @ 0x00000001318d0ba0 [0x00000001318d0ac0+0x00000000000000e0]
j  zio.internal.FiberContext.evaluateNow(Lzio/ZIO;)V+712
j  zio.internal.FiberContext.$anonfun$evaluateLater$1(Lzio/internal/FiberContext;Lzio/ZIO;)V+2
j  zio.internal.FiberContext$$Lambda$458.run()V+8
j  java.util.concurrent.ThreadPoolExecutor.runWorker(Ljava/util/concurrent/ThreadPoolExecutor$Worker;)V+92 java.base@13.0.5.1
j  java.util.concurrent.ThreadPoolExecutor$Worker.run()V+5 java.base@13.0.5.1
j  java.lang.Thread.run()V+11 java.base@13.0.5.1
v  ~StubRoutines::call_stub
V  [libjvm.dylib+0x31d1c0]  _ZN9JavaCalls11call_helperEP9JavaValueRK12methodHandleP17JavaCallArgumentsP6Thread+0x2f4
V  [libjvm.dylib+0x31c50c]  _ZN9JavaCalls12call_virtualEP9JavaValueP5KlassP6SymbolS5_P17JavaCallArgumentsP6Thread+0xec
V  [libjvm.dylib+0x31c5d4]  _ZN9JavaCalls12call_virtualEP9JavaValue6HandleP5KlassP6SymbolS6_P6Thread+0x64
V  [libjvm.dylib+0x3af1e0]  _ZL12thread_entryP10JavaThreadP6Thread+0x78
V  [libjvm.dylib+0x7090d0]  _ZN10JavaThread17thread_main_innerEv+0x88
V  [libjvm.dylib+0x708eec]  _ZN10JavaThread3runEv+0x12c
V  [libjvm.dylib+0x706b54]  _ZN6Thread8call_runEv+0x88
V  [libjvm.dylib+0x5aafec]  _ZL19thread_native_entryP6Thread+0x134
C  [libsystem_pthread.dylib+0x7878]  _pthread_start+0x140

Java frames: (J=compiled Java code, j=interpreted, Vv=VM code)
j  scala.collection.immutable.HashSetBuilder.newEmptyRootNode()Lscala/collection/immutable/BitmapIndexedSetNode;+0
j  scala.collection.immutable.HashSetBuilder.<init>()V+6
j  scala.collection.immutable.SetBuilderImpl.addOne(Ljava/lang/Object;)Lscala/collection/immutable/SetBuilderImpl;+88
j  scala.collection.immutable.SetBuilderImpl.addOne(Ljava/lang/Object;)Lscala/collection/mutable/Growable;+2
J 9972 c2 scala.collection.mutable.Growable.addAll(Lscala/collection/IterableOnce;)Lscala/collection/mutable/Growable; (56 bytes) @ 0x0000000138ae032c [0x0000000138ae00c0+0x000000000000026c]
J 1283 c1 scala.collection.mutable.Growable.addAll$(Lscala/collection/mutable/Growable;Lscala/collection/IterableOnce;)Lscala/collection/mutable/Growable; (6 bytes) @ 0x000000013181917c [0x00000001318190c0+0x00000000000000bc]
j  scala.collection.immutable.SetBuilderImpl.addAll(Lscala/collection/IterableOnce;)Lscala/collection/immutable/SetBuilderImpl;+20
j  scala.collection.immutable.Set$.from(Lscala/collection/IterableOnce;)Lscala/collection/immutable/Set;+74
j  scala.collection.IterableOnceOps.toSet()Lscala/collection/immutable/Set;+7
j  scala.collection.IterableOnceOps.toSet$(Lscala/collection/IterableOnceOps;)Lscala/collection/immutable/Set;+1
j  scala.collection.AbstractIterable.toSet()Lscala/collection/immutable/Set;+1
j  izumi.reflect.macrortti.LightTypeTagRef.applyParameters(Lscala/Function1;)Lizumi/reflect/macrortti/LightTypeTagRef$AbstractReference;+118
j  izumi.reflect.macrortti.LightTypeTagRef.applyParameters$(Lizumi/reflect/macrortti/LightTypeTagRef;Lscala/Function1;)Lizumi/reflect/macrortti/LightTypeTagRef$AbstractReference;+2
j  izumi.reflect.macrortti.LightTypeTagRef$Lambda.applyParameters(Lscala/Function1;)Lizumi/reflect/macrortti/LightTypeTagRef$AbstractReference;+2
j  izumi.reflect.macrortti.LightTypeTagRef.applySeq(Lscala/collection/immutable/Seq;)Lizumi/reflect/macrortti/LightTypeTagRef$AbstractReference;+7
j  izumi.reflect.macrortti.LightTypeTagRef.applySeq$(Lizumi/reflect/macrortti/LightTypeTagRef;Lscala/collection/immutable/Seq;)Lizumi/reflect/macrortti/LightTypeTagRef$AbstractReference;+2
j  izumi.reflect.macrortti.LightTypeTagRef$Lambda.applySeq(Lscala/collection/immutable/Seq;)Lizumi/reflect/macrortti/LightTypeTagRef$AbstractReference;+2
j  izumi.reflect.macrortti.LightTypeTagRef.combine(Lscala/collection/immutable/Seq;)Lizumi/reflect/macrortti/LightTypeTagRef$AbstractReference;+15
j  izumi.reflect.macrortti.LightTypeTagRef.combine$(Lizumi/reflect/macrortti/LightTypeTagRef;Lscala/collection/immutable/Seq;)Lizumi/reflect/macrortti/LightTypeTagRef$AbstractReference;+2
j  izumi.reflect.macrortti.LightTypeTagRef$Lambda.combine(Lscala/collection/immutable/Seq;)Lizumi/reflect/macrortti/LightTypeTagRef$AbstractReference;+2
j  izumi.reflect.macrortti.LightTypeTag.combine(Lscala/collection/immutable/Seq;)Lizumi/reflect/macrortti/LightTypeTag;+43
j  izumi.reflect.Tag$.appliedTag(Lizumi/reflect/HKTag;Lscala/collection/immutable/List;)Lizumi/reflect/Tag;+13
j  zio.entity.test.TestEntityRuntime$.$anonfun$testEntity$8(Lizumi/reflect/Tag;Lizumi/reflect/Tag;Lizumi/reflect/Tag;Lizumi/reflect/Tag;Lizumi/reflect/Tag;Lscala/Tuple2;)Lzio/Has;+127
j  zio.entity.test.TestEntityRuntime$$$Lambda$699.apply(Ljava/lang/Object;)Ljava/lang/Object;+24
J 11966 c1 zio.ZIO$MapFn.apply(Ljava/lang/Object;)Ljava/lang/Object; (6 bytes) @ 0x00000001318d0ba0 [0x00000001318d0ac0+0x00000000000000e0]
j  zio.internal.FiberContext.evaluateNow(Lzio/ZIO;)V+712
j  zio.internal.FiberContext.$anonfun$evaluateLater$1(Lzio/internal/FiberContext;Lzio/ZIO;)V+2
j  zio.internal.FiberContext$$Lambda$458.run()V+8
j  java.util.concurrent.ThreadPoolExecutor.runWorker(Ljava/util/concurrent/ThreadPoolExecutor$Worker;)V+92 java.base@13.0.5.1
j  java.util.concurrent.ThreadPoolExecutor$Worker.run()V+5 java.base@13.0.5.1
j  java.lang.Thread.run()V+11 java.base@13.0.5.1
v  ~StubRoutines::call_stub

siginfo: si_signo: 10 (SIGBUS), si_code: 1 (BUS_ADRALN), si_addr: 0x0000000138adffe0

Register to memory mapping:

 x0=0x0000000105978820: _ZL23mark_activation_closure+0 in /Library/Java/JavaVirtualMachines/zulu-13.jdk/Contents/Home/lib/server/libjvm.dylib at 0x0000000105000000
 x1=0x0000000138adfe90 is at entry_point+-560 in (nmethod*)0x0000000138adfe90
 x2=0x00000001056dc5ac: _ZN21MarkActivationClosure12do_code_blobEP8CodeBlob+0 in /Library/Java/JavaVirtualMachines/zulu-13.jdk/Contents/Home/lib/server/libjvm.dylib at 0x0000000105000000
 x3=0x00000001287137ec points into unknown readable memory: 00 74 69 6f
 x4=0x00000001737189b0 is pointing into the stack for thread: 0x00000001181cb800
 x5=0x0000000173718f70 is pointing into the stack for thread: 0x00000001181cb800
 x6=0x0000000000000065 is an unknown value
 x7=0x0 is NULL
 x8=0x0000000105925000: _ZN12StubRoutines17_verify_oop_countE+0 in /Library/Java/JavaVirtualMachines/zulu-13.jdk/Contents/Home/lib/server/libjvm.dylib at 0x0000000105000000
 x9=0x00000000000001e0 is an unknown value
x10=0x00000000000002fd is an unknown value
x11=0x0000000100c50000 points into unknown readable memory: 00 01 02 03 04 05 06 07
x12=0x00000000000002fd is an unknown value
x13=0x0 is NULL
x14=0x0000000000000010 is an unknown value
x15=0x000000000000b9fd is an unknown value
x16=0x00000001827ca4f0: free+0 in /usr/lib/system/libsystem_malloc.dylib at 0x00000001827c8000
x17=0x00000001f12f9968: _printf_tbl_defaults_fbsd+0x3d8 in /usr/lib/system/libsystem_c.dylib at 0x0000000182876000
x18=0x0000000000000001 is an unknown value
x19=0x0000000138adfe90 is at entry_point+-560 in (nmethod*)0x0000000138adfe90
x20=0x00000001737188c0 is pointing into the stack for thread: 0x00000001181cb800
x21=0x0000000105924fb8: _ZN12StubRoutines25_call_stub_return_addressE+0 in /Library/Java/JavaVirtualMachines/zulu-13.jdk/Contents/Home/lib/server/libjvm.dylib at 0x0000000105000000
x22=0x0000000171242d00 is pointing into the stack for thread: 0x0000000118044800
x23=0x000000010f7cd940 points into unknown readable memory: 88 ad 83 c0 06 00 00 00
x24=0x00000001829ba664: tlv_get_addr+0 in /usr/lib/system/libdyld.dylib at 0x00000001829ad000
x25=0x00000001284afd20 points into unknown readable memory: 04 00 00 00 00 00 00 90
x26=0x0 is NULL
x27=0x0000000100905262: debugInit_exit.cold.1+0x3d2a in /Library/Java/JavaVirtualMachines/zulu-13.jdk/Contents/Home/lib/libjdwp.dylib at 0x00000001008d8000
x28=0x0 is NULL


Registers:
 x0=0x0000000105978820  x1=0x0000000138adfe90  x2=0x00000001056dc5ac  x3=0x00000001287137ec
 x4=0x00000001737189b0  x5=0x0000000173718f70  x6=0x0000000000000065  x7=0x0000000000000000
 x8=0x0000000105925000  x9=0x00000000000001e0 x10=0x00000000000002fd x11=0x0000000100c50000
x12=0x00000000000002fd x13=0x0000000000000000 x14=0x0000000000000010 x15=0x000000000000b9fd
x16=0x00000001827ca4f0 x17=0x00000001f12f9968 x18=0x0000000000000001 x19=0x0000000138adfe90
x20=0x00000001737188c0 x21=0x0000000105924fb8 x22=0x0000000171242d00 x23=0x000000010f7cd940
x24=0x00000001829ba664 x25=0x00000001284afd20 x26=0x0000000000000000 x27=0x0000000100905262
x28=0x0000000000000000  fp=0x0000000173718880  lr=0x000000010570ae04  sp=0x0000000173718870
pc=0x00000001056dc5e8 cpsr=0x0000000080001000
Top of Stack: (sp=0x0000000173718870)
0x0000000173718870:   00000001737188c0 0000000105978820
0x0000000173718880:   0000000173718f60 000000010570ae04
0x0000000173718890:   0000000173719a20 0000000138ae032c
0x00000001737188a0:   0000000138adfe90 0000000100000000
0x00000001737188b0:   0000000173719b70 0000000173719a30
0x00000001737188c0:   0000000000000000 0000000173718b7d
0x00000001737188d0:   0000000173718b7b 0000000173718a54
0x00000001737188e0:   0000000000000000 0000000173718b7a
0x00000001737188f0:   00000001828f3a01 0000000173718a54
0x0000000173718900:   0000000173718a54 0000000000000001
0x0000000173718910:   0000000173718ac7 0000000000000000
0x0000000173718920:   0000000173718d68 0000000000000000
0x0000000173718930:   0000000173718b78 00000001edcd1e28
0x0000000173718940:   000000000000003c 000000000000000a
0x0000000173718950:   00000001057d6c68 0000000173718a54
0x0000000173718960:   0000000000000003 00000001057a2752
0x0000000173718970:   0000000000000005 000000000000003c
0x0000000173718980:   00000000311b6c80 ffffffffffffffff
0x0000000173718990:   00000001737189b8 0000000173718f70
0x00000001737189a0:   0000000000000000 0000000173718c5d
0x00000001737189b0:   0000000173718d68 00000001737189c8
0x00000001737189c0:   0000000000000000 00000001057a276f
0x00000001737189d0:   0000000000000010 000000010578570c
0x00000001737189e0:   0000000000000005 0000000173718b6f
0x00000001737189f0:   0000000000000009 0000000000000000
0x0000000173718a00:   0000000173718e48 0000000000000000
0x0000000173718a10:   0000000173718c58 00000001edcd1e28
0x0000000173718a20:   000000000000002f 0000000000000000
0x0000000173718a30:   0000000000000000 0000000173718b34
0x0000000173718a40:   0000000000000004 58000001057d6c59
0x0000000173718a50:   0000000000000009 000000000000002f
0x0000000173718a60:   0000009000000000 ffffffffffffffff 

Instructions: (pc=0x00000001056dc5e8)
0x00000001056dc4e8:   fd41b500 5e61d800 f00008e8 fd473501
0x00000001056dc4f8:   1e611800 fd0003e0 f0000801 910b9c21
0x00000001056dc508:   aa1303e0 97fb60c7 b0001248 f9419508
0x00000001056dc518:   f90003e8 f0000801 910c5021 aa1303e0
0x00000001056dc528:   97fb60c0 b0001248 f941a908 b0001249
0x00000001056dc538:   f941ad29 a90027e8 f0000801 910cec21
0x00000001056dc548:   aa1303e0 97fb60b7 b0001248 f941b108
0x00000001056dc558:   d34afd08 f90003e8 f0000801 910dec21
0x00000001056dc568:   aa1303e0 97fb60af aa1403e0 a9427bfd
0x00000001056dc578:   a9414ff4 9100c3ff 17fb67a0 a9bf7bfd
0x00000001056dc588:   910003fd d2800000 a8c17bfd d65f03c0
0x00000001056dc598:   a9bf7bfd 910003fd d2800000 a8c17bfd
0x00000001056dc5a8:   d65f03c0 a9be4ff4 a9017bfd 910043fd
0x00000001056dc5b8:   aa0103f3 b0001248 b9434d09 35000129
0x00000001056dc5c8:   f0000f29 d503201f f9447929 d354fd2a
0x00000001056dc5d8:   531f794a f144013f 1a9f2549 b9034d09
0x00000001056dc5e8:   b9015269 f9400268 f9404108 aa1303e0
0x00000001056dc5f8:   d63f0100 340000a0 aa1303e0 a9417bfd
0x00000001056dc608:   a8c24ff4 17faaca4 a9417bfd a8c24ff4
0x00000001056dc618:   d65f03c0 a9bf7bfd 910003fd b0001248
0x00000001056dc628:   b9434d09 35000129 f0000f29 d503201f
0x00000001056dc638:   f9447929 d354fd2a 531f794a f144013f
0x00000001056dc648:   1a9f2549 b9034d09 b9015029 a8c17bfd
0x00000001056dc658:   d65f03c0 a9be4ff4 a9017bfd 910043fd
0x00000001056dc668:   aa0103f3 aa0003f4 f9400028 f9402108
0x00000001056dc678:   aa0103e0 d63f0100 340000c0 f9400268
0x00000001056dc688:   f9402908 aa1303e0 d63f0100 36000080
0x00000001056dc698:   a9417bfd a8c24ff4 d65f03c0 f9400681
0x00000001056dc6a8:   f9400268 f9406502 aa1303e0 a9417bfd
0x00000001056dc6b8:   a8c24ff4 d61f0040 a9bf7bfd 910003fd
0x00000001056dc6c8:   f9400c01 52800020 a8c17bfd 1400bdb1
0x00000001056dc6d8:   a9be4ff4 a9017bfd 910043fd 39404008 


Stack slot to memory mapping:
stack at sp + 0 slots: 0x00000001737188c0 is pointing into the stack for thread: 0x00000001181cb800
stack at sp + 1 slots: 0x0000000105978820: _ZL23mark_activation_closure+0 in /Library/Java/JavaVirtualMachines/zulu-13.jdk/Contents/Home/lib/server/libjvm.dylib at 0x0000000105000000
stack at sp + 2 slots: 0x0000000173718f60 is pointing into the stack for thread: 0x00000001181cb800
stack at sp + 3 slots: 0x000000010570ae04: _ZN10JavaThread11nmethods_doEP15CodeBlobClosure+0x78 in /Library/Java/JavaVirtualMachines/zulu-13.jdk/Contents/Home/lib/server/libjvm.dylib at 0x0000000105000000
stack at sp + 4 slots: 0x0000000173719a20 is pointing into the stack for thread: 0x00000001181cb800
stack at sp + 5 slots: 0x0000000138ae032c is at entry_point+620 in (nmethod*)0x0000000138adfe90
stack at sp + 6 slots: 0x0000000138adfe90 is at entry_point+-560 in (nmethod*)0x0000000138adfe90
stack at sp + 7 slots: 0x0000000100000000 is an unknown value


---------------  P R O C E S S  ---------------

Threads class SMR info:
_java_thread_list=0x000000012837f4d0, length=28, elements={
0x0000000118009000, 0x0000000118041800, 0x0000000130827000, 0x000000012f822000,
0x000000012f828000, 0x000000011f808800, 0x0000000118044800, 0x000000012f82b800,
0x000000011f80a800, 0x0000000130829800, 0x000000010f836000, 0x0000000118198800,
0x00000001309ce000, 0x0000000130ae1800, 0x00000001181c8800, 0x000000012e268800,
0x000000012fe09800, 0x00000001181cb800, 0x00000001293f9800, 0x000000012e269000,
0x0000000118201000, 0x000000012e26a000, 0x000000011f80b800, 0x0000000130adf800,
0x0000000130ae7000, 0x0000000118202000, 0x0000000130ae8000, 0x0000000130ae9000
}

Java Threads: ( => current thread )
  0x0000000118009000 JavaThread "main" [_thread_blocked, id=6659, stack(0x000000016f698000,0x000000016f89b000)]
  0x0000000118041800 JavaThread "Reference Handler" daemon [_thread_blocked, id=13315, stack(0x00000001704ec000,0x00000001706ef000)]
  0x0000000130827000 JavaThread "Finalizer" daemon [_thread_blocked, id=13571, stack(0x00000001706f8000,0x00000001708fb000)]
  0x000000012f822000 JavaThread "Signal Dispatcher" daemon [_thread_blocked, id=22019, stack(0x0000000170a1c000,0x0000000170c1f000)]
  0x000000012f828000 JavaThread "C2 CompilerThread0" daemon [_thread_in_vm, id=22275, stack(0x0000000170c28000,0x0000000170e2b000)]
  0x000000011f808800 JavaThread "C1 CompilerThread0" daemon [_thread_blocked, id=42499, stack(0x0000000170e34000,0x0000000171037000)]
  0x0000000118044800 JavaThread "Sweeper thread" daemon [_thread_blocked, id=23299, stack(0x0000000171040000,0x0000000171243000)]
  0x000000012f82b800 JavaThread "Common-Cleaner" daemon [_thread_blocked, id=23811, stack(0x000000017124c000,0x000000017144f000)]
  0x000000011f80a800 JavaThread "JDWP Transport Listener: dt_socket" daemon [_thread_blocked, id=24323, stack(0x0000000171458000,0x000000017165b000)]
  0x0000000130829800 JavaThread "JDWP Event Helper Thread" daemon [_thread_blocked, id=25091, stack(0x0000000171664000,0x0000000171867000)]
  0x000000010f836000 JavaThread "JDWP Command Reader" daemon [_thread_in_native, id=41475, stack(0x0000000171870000,0x0000000171a73000)]
  0x0000000118198800 JavaThread "Service Thread" daemon [_thread_blocked, id=25603, stack(0x0000000171a7c000,0x0000000171c7f000)]
  0x00000001309ce000 JavaThread "zio-default-async-1" daemon [_thread_blocked, id=39171, stack(0x0000000172adc000,0x0000000172cdf000)]
  0x0000000130ae1800 JavaThread "zio-default-async-2" daemon [_thread_blocked, id=38915, stack(0x0000000172ce8000,0x0000000172eeb000)]
  0x00000001181c8800 JavaThread "zio-default-async-3" daemon [_thread_blocked, id=38659, stack(0x0000000172ef4000,0x00000001730f7000)]
  0x000000012e268800 JavaThread "zio-default-async-4" daemon [_thread_blocked, id=29955, stack(0x0000000173100000,0x0000000173303000)]
  0x000000012fe09800 JavaThread "zio-default-async-5" daemon [_thread_blocked, id=30723, stack(0x000000017330c000,0x000000017350f000)]
=>0x00000001181cb800 JavaThread "zio-default-async-6" daemon [_thread_in_vm, id=37891, stack(0x0000000173518000,0x000000017371b000)]
  0x00000001293f9800 JavaThread "zio-default-async-7" daemon [_thread_blocked, id=37379, stack(0x0000000173724000,0x0000000173927000)]
  0x000000012e269000 JavaThread "zio-default-async-8" daemon [_thread_blocked, id=36867, stack(0x0000000173930000,0x0000000173b33000)]
  0x0000000118201000 JavaThread "zio-default-async-9" daemon [_thread_blocked, id=36611, stack(0x0000000173b3c000,0x0000000173d3f000)]
  0x000000012e26a000 JavaThread "zio-default-async-10" daemon [_thread_blocked, id=35843, stack(0x0000000173d48000,0x0000000173f4b000)]
  0x000000011f80b800 JavaThread "zio-default-async-11" daemon [_thread_blocked, id=32259, stack(0x0000000173f54000,0x0000000174157000)]
  0x0000000130adf800 JavaThread "zio-default-async-12" daemon [_thread_blocked, id=35075, stack(0x0000000174160000,0x0000000174363000)]
  0x0000000130ae7000 JavaThread "zio-default-async-13" daemon [_thread_blocked, id=33027, stack(0x000000017436c000,0x000000017456f000)]
  0x0000000118202000 JavaThread "zio-default-async-14" daemon [_thread_blocked, id=34307, stack(0x0000000174578000,0x000000017477b000)]
  0x0000000130ae8000 JavaThread "zio-default-async-15" daemon [_thread_blocked, id=34051, stack(0x0000000174784000,0x0000000174987000)]
  0x0000000130ae9000 JavaThread "zio-default-async-16" daemon [_thread_blocked, id=86787, stack(0x0000000174990000,0x0000000174b93000)]

Other Threads:
  0x000000012f81e000 VMThread "VM Thread" [stack: 0x00000001702e0000,0x00000001704e3000] [id=17155] _threads_hazard_ptr=0x000000012837f4d0
  0x000000011e81b000 WatcherThread [stack: 0x0000000171c88000,0x0000000171e8b000] [id=25859]
  0x0000000118040800 GCTaskThread "GC Thread#0" [stack: 0x000000016f8a4000,0x000000016faa7000] [id=20483]
  0x000000011819f800 GCTaskThread "GC Thread#1" [stack: 0x0000000171e94000,0x0000000172097000] [id=26371]
  0x0000000118199800 GCTaskThread "GC Thread#2" [stack: 0x00000001720a0000,0x00000001722a3000] [id=40451]
  0x00000001181af000 GCTaskThread "GC Thread#3" [stack: 0x00000001722ac000,0x00000001724af000] [id=27139]
  0x000000012fdab800 GCTaskThread "GC Thread#4" [stack: 0x00000001724b8000,0x00000001726bb000] [id=40195]
  0x000000012fdac800 GCTaskThread "GC Thread#5" [stack: 0x00000001726c4000,0x00000001728c7000] [id=39683]
  0x0000000130822000 ConcurrentGCThread "G1 Main Marker" [stack: 0x000000016fab0000,0x000000016fcb3000] [id=11523]
  0x000000012900c800 ConcurrentGCThread "G1 Conc#0" [stack: 0x000000016fcbc000,0x000000016febf000] [id=19715]
  0x00000001309bf800 ConcurrentGCThread "G1 Conc#1" [stack: 0x00000001728d0000,0x0000000172ad3000] [id=39427]
  0x00000001290b8000 ConcurrentGCThread "G1 Refine#0" [stack: 0x000000016fec8000,0x00000001700cb000] [id=19203]
  0x00000001290b8800 ConcurrentGCThread "G1 Young RemSet Sampling" [stack: 0x00000001700d4000,0x00000001702d7000] [id=18691]

Threads with active compile tasks:
C2 CompilerThread0     1553 17076       4       java.util.concurrent.ConcurrentHashMap::get (162 bytes)

VM state:not at safepoint (normal execution)

VM Mutex/Monitor currently owned by a thread:  ([mutex/lock_event])
[0x0000000130108720] Threads_lock - owner thread: 0x0000000000000000

Heap address: 0x00000006c0000000, size: 4096 MB, Compressed Oops mode: Zero based, Oop shift amount: 3
Narrow klass base: 0x0000000800000000, Narrow klass shift: 0
Compressed class space size: 1073741824 Address: 0x0000000800000000

Heap:
 garbage-first heap   total 149504K, used 75970K [0x00000006c0000000, 0x00000007c0000000)
  region size 1024K, 66 young (67584K), 2 survivors (2048K)
 Metaspace       used 25480K, capacity 26721K, committed 26800K, reserved 1073152K
  class space    used 3369K, capacity 4061K, committed 4096K, reserved 1048576K
Heap Regions: E=young(eden), S=young(survivor), O=old, HS=humongous(starts), HC=humongous(continues), CS=collection set, F=free, A=archive, TAMS=top-at-mark-start (previous, next)
|   0|0x00000006c0000000, 0x00000006c0100000, 0x00000006c0100000|100%| O|  |TAMS 0x00000006c0000000, 0x00000006c0000000| Untracked 
|   1|0x00000006c0100000, 0x00000006c0200000, 0x00000006c0200000|100%| O|  |TAMS 0x00000006c0100000, 0x00000006c0100000| Untracked 
|   2|0x00000006c0200000, 0x00000006c0300000, 0x00000006c0300000|100%| O|  |TAMS 0x00000006c0300000, 0x00000006c0200000| Untracked 
|   3|0x00000006c0300000, 0x00000006c0400000, 0x00000006c0400000|100%| O|  |TAMS 0x00000006c0400000, 0x00000006c0300000| Untracked 
|   4|0x00000006c0400000, 0x00000006c0500000, 0x00000006c0500000|100%| O|  |TAMS 0x00000006c0500000, 0x00000006c0400000| Untracked 
|   5|0x00000006c0500000, 0x00000006c05d3000, 0x00000006c0600000| 82%| O|  |TAMS 0x00000006c05d3000, 0x00000006c0500000| Untracked 
|   6|0x00000006c0600000, 0x00000006c0700000, 0x00000006c0700000|100%| O|  |TAMS 0x00000006c0600000, 0x00000006c0600000| Untracked 
|   7|0x00000006c0700000, 0x00000006c0800000, 0x00000006c0800000|100%| O|  |TAMS 0x00000006c0700000, 0x00000006c0700000| Untracked 
|   8|0x00000006c0800000, 0x00000006c0900000, 0x00000006c0900000|100%| O|  |TAMS 0x00000006c0800000, 0x00000006c0800000| Untracked 
|   9|0x00000006c0900000, 0x00000006c095da00, 0x00000006c0a00000| 36%| O|  |TAMS 0x00000006c0900000, 0x00000006c0900000| Untracked 
|  10|0x00000006c0a00000, 0x00000006c0a00000, 0x00000006c0b00000|  0%| F|  |TAMS 0x00000006c0a00000, 0x00000006c0a00000| Untracked 
|  11|0x00000006c0b00000, 0x00000006c0b00000, 0x00000006c0c00000|  0%| F|  |TAMS 0x00000006c0b00000, 0x00000006c0b00000| Untracked 
|  12|0x00000006c0c00000, 0x00000006c0c00000, 0x00000006c0d00000|  0%| F|  |TAMS 0x00000006c0c00000, 0x00000006c0c00000| Untracked 
|  13|0x00000006c0d00000, 0x00000006c0d00000, 0x00000006c0e00000|  0%| F|  |TAMS 0x00000006c0d00000, 0x00000006c0d00000| Untracked 
|  14|0x00000006c0e00000, 0x00000006c0e00000, 0x00000006c0f00000|  0%| F|  |TAMS 0x00000006c0e00000, 0x00000006c0e00000| Untracked 
|  15|0x00000006c0f00000, 0x00000006c0f00000, 0x00000006c1000000|  0%| F|  |TAMS 0x00000006c0f00000, 0x00000006c0f00000| Untracked 
|  16|0x00000006c1000000, 0x00000006c1000000, 0x00000006c1100000|  0%| F|  |TAMS 0x00000006c1000000, 0x00000006c1000000| Untracked 
|  17|0x00000006c1100000, 0x00000006c1100000, 0x00000006c1200000|  0%| F|  |TAMS 0x00000006c1100000, 0x00000006c1100000| Untracked 
|  18|0x00000006c1200000, 0x00000006c1200000, 0x00000006c1300000|  0%| F|  |TAMS 0x00000006c1200000, 0x00000006c1200000| Untracked 
|  19|0x00000006c1300000, 0x00000006c1400000, 0x00000006c1400000|100%| S|CS|TAMS 0x00000006c1300000, 0x00000006c1300000| Complete 
|  20|0x00000006c1400000, 0x00000006c1500000, 0x00000006c1500000|100%| S|CS|TAMS 0x00000006c1400000, 0x00000006c1400000| Complete 
|  21|0x00000006c1500000, 0x00000006c1500000, 0x00000006c1600000|  0%| F|  |TAMS 0x00000006c1500000, 0x00000006c1500000| Untracked 
|  22|0x00000006c1600000, 0x00000006c1600000, 0x00000006c1700000|  0%| F|  |TAMS 0x00000006c1600000, 0x00000006c1600000| Untracked 
|  23|0x00000006c1700000, 0x00000006c1700000, 0x00000006c1800000|  0%| F|  |TAMS 0x00000006c1700000, 0x00000006c1700000| Untracked 
|  24|0x00000006c1800000, 0x00000006c1800000, 0x00000006c1900000|  0%| F|  |TAMS 0x00000006c1800000, 0x00000006c1800000| Untracked 
|  25|0x00000006c1900000, 0x00000006c1900000, 0x00000006c1a00000|  0%| F|  |TAMS 0x00000006c1900000, 0x00000006c1900000| Untracked 
|  26|0x00000006c1a00000, 0x00000006c1a00000, 0x00000006c1b00000|  0%| F|  |TAMS 0x00000006c1a00000, 0x00000006c1a00000| Untracked 
|  27|0x00000006c1b00000, 0x00000006c1b00000, 0x00000006c1c00000|  0%| F|  |TAMS 0x00000006c1b00000, 0x00000006c1b00000| Untracked 
|  28|0x00000006c1c00000, 0x00000006c1c00000, 0x00000006c1d00000|  0%| F|  |TAMS 0x00000006c1c00000, 0x00000006c1c00000| Untracked 
|  29|0x00000006c1d00000, 0x00000006c1e00000, 0x00000006c1e00000|100%| O|  |TAMS 0x00000006c1d00000, 0x00000006c1d00000| Untracked 
|  30|0x00000006c1e00000, 0x00000006c1e00000, 0x00000006c1f00000|  0%| F|  |TAMS 0x00000006c1e00000, 0x00000006c1e00000| Untracked 
|  31|0x00000006c1f00000, 0x00000006c1f00000, 0x00000006c2000000|  0%| F|  |TAMS 0x00000006c1f00000, 0x00000006c1f00000| Untracked 
|  32|0x00000006c2000000, 0x00000006c2000000, 0x00000006c2100000|  0%| F|  |TAMS 0x00000006c2000000, 0x00000006c2000000| Untracked 
|  33|0x00000006c2100000, 0x00000006c2100000, 0x00000006c2200000|  0%| F|  |TAMS 0x00000006c2100000, 0x00000006c2100000| Untracked 
|  34|0x00000006c2200000, 0x00000006c2200000, 0x00000006c2300000|  0%| F|  |TAMS 0x00000006c2200000, 0x00000006c2200000| Untracked 
|  35|0x00000006c2300000, 0x00000006c2300000, 0x00000006c2400000|  0%| F|  |TAMS 0x00000006c2300000, 0x00000006c2300000| Untracked 
|  36|0x00000006c2400000, 0x00000006c2400000, 0x00000006c2500000|  0%| F|  |TAMS 0x00000006c2400000, 0x00000006c2400000| Untracked 
|  37|0x00000006c2500000, 0x00000006c2500000, 0x00000006c2600000|  0%| F|  |TAMS 0x00000006c2500000, 0x00000006c2500000| Untracked 
|  38|0x00000006c2600000, 0x00000006c2600000, 0x00000006c2700000|  0%| F|  |TAMS 0x00000006c2600000, 0x00000006c2600000| Untracked 
|  39|0x00000006c2700000, 0x00000006c2700000, 0x00000006c2800000|  0%| F|  |TAMS 0x00000006c2700000, 0x00000006c2700000| Untracked 
|  40|0x00000006c2800000, 0x00000006c2800000, 0x00000006c2900000|  0%| F|  |TAMS 0x00000006c2800000, 0x00000006c2800000| Untracked 
|  41|0x00000006c2900000, 0x00000006c2900000, 0x00000006c2a00000|  0%| F|  |TAMS 0x00000006c2900000, 0x00000006c2900000| Untracked 
|  42|0x00000006c2a00000, 0x00000006c2a00000, 0x00000006c2b00000|  0%| F|  |TAMS 0x00000006c2a00000, 0x00000006c2a00000| Untracked 
|  43|0x00000006c2b00000, 0x00000006c2b00000, 0x00000006c2c00000|  0%| F|  |TAMS 0x00000006c2b00000, 0x00000006c2b00000| Untracked 
|  44|0x00000006c2c00000, 0x00000006c2c00000, 0x00000006c2d00000|  0%| F|  |TAMS 0x00000006c2c00000, 0x00000006c2c00000| Untracked 
|  45|0x00000006c2d00000, 0x00000006c2d00000, 0x00000006c2e00000|  0%| F|  |TAMS 0x00000006c2d00000, 0x00000006c2d00000| Untracked 
|  46|0x00000006c2e00000, 0x00000006c2e00000, 0x00000006c2f00000|  0%| F|  |TAMS 0x00000006c2e00000, 0x00000006c2e00000| Untracked 
|  47|0x00000006c2f00000, 0x00000006c2f00000, 0x00000006c3000000|  0%| F|  |TAMS 0x00000006c2f00000, 0x00000006c2f00000| Untracked 
|  48|0x00000006c3000000, 0x00000006c3000000, 0x00000006c3100000|  0%| F|  |TAMS 0x00000006c3000000, 0x00000006c3000000| Untracked 
|  49|0x00000006c3100000, 0x00000006c3100000, 0x00000006c3200000|  0%| F|  |TAMS 0x00000006c3100000, 0x00000006c3100000| Untracked 
|  50|0x00000006c3200000, 0x00000006c3200000, 0x00000006c3300000|  0%| F|  |TAMS 0x00000006c3200000, 0x00000006c3200000| Untracked 
|  51|0x00000006c3300000, 0x00000006c3300000, 0x00000006c3400000|  0%| F|  |TAMS 0x00000006c3300000, 0x00000006c3300000| Untracked 
|  52|0x00000006c3400000, 0x00000006c3400000, 0x00000006c3500000|  0%| F|  |TAMS 0x00000006c3400000, 0x00000006c3400000| Untracked 
|  53|0x00000006c3500000, 0x00000006c3500000, 0x00000006c3600000|  0%| F|  |TAMS 0x00000006c3500000, 0x00000006c3500000| Untracked 
|  54|0x00000006c3600000, 0x00000006c3600000, 0x00000006c3700000|  0%| F|  |TAMS 0x00000006c3600000, 0x00000006c3600000| Untracked 
|  55|0x00000006c3700000, 0x00000006c3700000, 0x00000006c3800000|  0%| F|  |TAMS 0x00000006c3700000, 0x00000006c3700000| Untracked 
|  56|0x00000006c3800000, 0x00000006c3800000, 0x00000006c3900000|  0%| F|  |TAMS 0x00000006c3800000, 0x00000006c3800000| Untracked 
|  57|0x00000006c3900000, 0x00000006c3900000, 0x00000006c3a00000|  0%| F|  |TAMS 0x00000006c3900000, 0x00000006c3900000| Untracked 
|  58|0x00000006c3a00000, 0x00000006c3a00000, 0x00000006c3b00000|  0%| F|  |TAMS 0x00000006c3a00000, 0x00000006c3a00000| Untracked 
|  59|0x00000006c3b00000, 0x00000006c3b00000, 0x00000006c3c00000|  0%| F|  |TAMS 0x00000006c3b00000, 0x00000006c3b00000| Untracked 
|  60|0x00000006c3c00000, 0x00000006c3c00000, 0x00000006c3d00000|  0%| F|  |TAMS 0x00000006c3c00000, 0x00000006c3c00000| Untracked 
|  61|0x00000006c3d00000, 0x00000006c3d00000, 0x00000006c3e00000|  0%| F|  |TAMS 0x00000006c3d00000, 0x00000006c3d00000| Untracked 
|  62|0x00000006c3e00000, 0x00000006c3e00000, 0x00000006c3f00000|  0%| F|  |TAMS 0x00000006c3e00000, 0x00000006c3e00000| Untracked 
|  63|0x00000006c3f00000, 0x00000006c3f00000, 0x00000006c4000000|  0%| F|  |TAMS 0x00000006c3f00000, 0x00000006c3f00000| Untracked 
|  64|0x00000006c4000000, 0x00000006c4000000, 0x00000006c4100000|  0%| F|  |TAMS 0x00000006c4000000, 0x00000006c4000000| Untracked 
|  65|0x00000006c4100000, 0x00000006c4100000, 0x00000006c4200000|  0%| F|  |TAMS 0x00000006c4100000, 0x00000006c4100000| Untracked 
|  66|0x00000006c4200000, 0x00000006c4200000, 0x00000006c4300000|  0%| F|  |TAMS 0x00000006c4200000, 0x00000006c4200000| Untracked 
|  67|0x00000006c4300000, 0x00000006c4300000, 0x00000006c4400000|  0%| F|  |TAMS 0x00000006c4300000, 0x00000006c4300000| Untracked 
|  68|0x00000006c4400000, 0x00000006c4400000, 0x00000006c4500000|  0%| F|  |TAMS 0x00000006c4400000, 0x00000006c4400000| Untracked 
|  69|0x00000006c4500000, 0x00000006c4500000, 0x00000006c4600000|  0%| F|  |TAMS 0x00000006c4500000, 0x00000006c4500000| Untracked 
|  70|0x00000006c4600000, 0x00000006c4600000, 0x00000006c4700000|  0%| F|  |TAMS 0x00000006c4600000, 0x00000006c4600000| Untracked 
|  71|0x00000006c4700000, 0x00000006c4700000, 0x00000006c4800000|  0%| F|  |TAMS 0x00000006c4700000, 0x00000006c4700000| Untracked 
|  72|0x00000006c4800000, 0x00000006c4800000, 0x00000006c4900000|  0%| F|  |TAMS 0x00000006c4800000, 0x00000006c4800000| Untracked 
|  73|0x00000006c4900000, 0x00000006c4900000, 0x00000006c4a00000|  0%| F|  |TAMS 0x00000006c4900000, 0x00000006c4900000| Untracked 
|  74|0x00000006c4a00000, 0x00000006c4a00000, 0x00000006c4b00000|  0%| F|  |TAMS 0x00000006c4a00000, 0x00000006c4a00000| Untracked 
|  75|0x00000006c4b00000, 0x00000006c4b00000, 0x00000006c4c00000|  0%| F|  |TAMS 0x00000006c4b00000, 0x00000006c4b00000| Untracked 
|  76|0x00000006c4c00000, 0x00000006c4c00000, 0x00000006c4d00000|  0%| F|  |TAMS 0x00000006c4c00000, 0x00000006c4c00000| Untracked 
|  77|0x00000006c4d00000, 0x00000006c4d00000, 0x00000006c4e00000|  0%| F|  |TAMS 0x00000006c4d00000, 0x00000006c4d00000| Untracked 
|  78|0x00000006c4e00000, 0x00000006c4e00000, 0x00000006c4f00000|  0%| F|  |TAMS 0x00000006c4e00000, 0x00000006c4e00000| Untracked 
|  79|0x00000006c4f00000, 0x00000006c4f00000, 0x00000006c5000000|  0%| F|  |TAMS 0x00000006c4f00000, 0x00000006c4f00000| Untracked 
|  80|0x00000006c5000000, 0x00000006c5000000, 0x00000006c5100000|  0%| F|  |TAMS 0x00000006c5000000, 0x00000006c5000000| Untracked 
|  81|0x00000006c5100000, 0x00000006c5100000, 0x00000006c5200000|  0%| F|  |TAMS 0x00000006c5100000, 0x00000006c5100000| Untracked 
|  82|0x00000006c5200000, 0x00000006c522e8f0, 0x00000006c5300000| 18%| E|  |TAMS 0x00000006c5200000, 0x00000006c5200000| Complete 
|  83|0x00000006c5300000, 0x00000006c5400000, 0x00000006c5400000|100%| E|CS|TAMS 0x00000006c5300000, 0x00000006c5300000| Complete 
|  84|0x00000006c5400000, 0x00000006c5500000, 0x00000006c5500000|100%| E|CS|TAMS 0x00000006c5400000, 0x00000006c5400000| Complete 
|  85|0x00000006c5500000, 0x00000006c5600000, 0x00000006c5600000|100%| E|CS|TAMS 0x00000006c5500000, 0x00000006c5500000| Complete 
|  86|0x00000006c5600000, 0x00000006c5700000, 0x00000006c5700000|100%| E|CS|TAMS 0x00000006c5600000, 0x00000006c5600000| Complete 
|  87|0x00000006c5700000, 0x00000006c5800000, 0x00000006c5800000|100%| E|CS|TAMS 0x00000006c5700000, 0x00000006c5700000| Complete 
|  88|0x00000006c5800000, 0x00000006c5900000, 0x00000006c5900000|100%| E|CS|TAMS 0x00000006c5800000, 0x00000006c5800000| Complete 
|  89|0x00000006c5900000, 0x00000006c5a00000, 0x00000006c5a00000|100%| E|CS|TAMS 0x00000006c5900000, 0x00000006c5900000| Complete 
|  90|0x00000006c5a00000, 0x00000006c5b00000, 0x00000006c5b00000|100%| E|CS|TAMS 0x00000006c5a00000, 0x00000006c5a00000| Complete 
|  91|0x00000006c5b00000, 0x00000006c5c00000, 0x00000006c5c00000|100%| E|CS|TAMS 0x00000006c5b00000, 0x00000006c5b00000| Complete 
|  92|0x00000006c5c00000, 0x00000006c5d00000, 0x00000006c5d00000|100%| E|CS|TAMS 0x00000006c5c00000, 0x00000006c5c00000| Complete 
|  93|0x00000006c5d00000, 0x00000006c5e00000, 0x00000006c5e00000|100%| E|CS|TAMS 0x00000006c5d00000, 0x00000006c5d00000| Complete 
|  94|0x00000006c5e00000, 0x00000006c5f00000, 0x00000006c5f00000|100%| E|CS|TAMS 0x00000006c5e00000, 0x00000006c5e00000| Complete 
|  95|0x00000006c5f00000, 0x00000006c6000000, 0x00000006c6000000|100%| E|CS|TAMS 0x00000006c5f00000, 0x00000006c5f00000| Complete 
|  96|0x00000006c6000000, 0x00000006c6100000, 0x00000006c6100000|100%| E|CS|TAMS 0x00000006c6000000, 0x00000006c6000000| Complete 
|  97|0x00000006c6100000, 0x00000006c6200000, 0x00000006c6200000|100%| E|CS|TAMS 0x00000006c6100000, 0x00000006c6100000| Complete 
|  98|0x00000006c6200000, 0x00000006c6300000, 0x00000006c6300000|100%| E|CS|TAMS 0x00000006c6200000, 0x00000006c6200000| Complete 
|  99|0x00000006c6300000, 0x00000006c6400000, 0x00000006c6400000|100%| E|CS|TAMS 0x00000006c6300000, 0x00000006c6300000| Complete 
| 100|0x00000006c6400000, 0x00000006c6500000, 0x00000006c6500000|100%| E|  |TAMS 0x00000006c6400000, 0x00000006c6400000| Complete 
| 101|0x00000006c6500000, 0x00000006c6600000, 0x00000006c6600000|100%| E|CS|TAMS 0x00000006c6500000, 0x00000006c6500000| Complete 
| 102|0x00000006c6600000, 0x00000006c6700000, 0x00000006c6700000|100%| E|CS|TAMS 0x00000006c6600000, 0x00000006c6600000| Complete 
| 103|0x00000006c6700000, 0x00000006c6800000, 0x00000006c6800000|100%| E|CS|TAMS 0x00000006c6700000, 0x00000006c6700000| Complete 
| 104|0x00000006c6800000, 0x00000006c6900000, 0x00000006c6900000|100%| E|CS|TAMS 0x00000006c6800000, 0x00000006c6800000| Complete 
| 105|0x00000006c6900000, 0x00000006c6a00000, 0x00000006c6a00000|100%| E|CS|TAMS 0x00000006c6900000, 0x00000006c6900000| Complete 
| 106|0x00000006c6a00000, 0x00000006c6b00000, 0x00000006c6b00000|100%| E|CS|TAMS 0x00000006c6a00000, 0x00000006c6a00000| Complete 
| 107|0x00000006c6b00000, 0x00000006c6c00000, 0x00000006c6c00000|100%| E|CS|TAMS 0x00000006c6b00000, 0x00000006c6b00000| Complete 
| 108|0x00000006c6c00000, 0x00000006c6d00000, 0x00000006c6d00000|100%| E|CS|TAMS 0x00000006c6c00000, 0x00000006c6c00000| Complete 
| 109|0x00000006c6d00000, 0x00000006c6e00000, 0x00000006c6e00000|100%| E|CS|TAMS 0x00000006c6d00000, 0x00000006c6d00000| Complete 
| 110|0x00000006c6e00000, 0x00000006c6f00000, 0x00000006c6f00000|100%| E|CS|TAMS 0x00000006c6e00000, 0x00000006c6e00000| Complete 
| 111|0x00000006c6f00000, 0x00000006c7000000, 0x00000006c7000000|100%| E|CS|TAMS 0x00000006c6f00000, 0x00000006c6f00000| Complete 
| 112|0x00000006c7000000, 0x00000006c7100000, 0x00000006c7100000|100%| E|CS|TAMS 0x00000006c7000000, 0x00000006c7000000| Complete 
| 113|0x00000006c7100000, 0x00000006c7200000, 0x00000006c7200000|100%| E|CS|TAMS 0x00000006c7100000, 0x00000006c7100000| Complete 
| 114|0x00000006c7200000, 0x00000006c7300000, 0x00000006c7300000|100%| E|CS|TAMS 0x00000006c7200000, 0x00000006c7200000| Complete 
| 115|0x00000006c7300000, 0x00000006c7400000, 0x00000006c7400000|100%| E|CS|TAMS 0x00000006c7300000, 0x00000006c7300000| Complete 
| 116|0x00000006c7400000, 0x00000006c7500000, 0x00000006c7500000|100%| E|CS|TAMS 0x00000006c7400000, 0x00000006c7400000| Complete 
| 117|0x00000006c7500000, 0x00000006c7600000, 0x00000006c7600000|100%| E|CS|TAMS 0x00000006c7500000, 0x00000006c7500000| Complete 
| 118|0x00000006c7600000, 0x00000006c7700000, 0x00000006c7700000|100%| E|CS|TAMS 0x00000006c7600000, 0x00000006c7600000| Complete 
| 119|0x00000006c7700000, 0x00000006c7800000, 0x00000006c7800000|100%| E|CS|TAMS 0x00000006c7700000, 0x00000006c7700000| Complete 
| 120|0x00000006c7800000, 0x00000006c7900000, 0x00000006c7900000|100%| E|CS|TAMS 0x00000006c7800000, 0x00000006c7800000| Complete 
| 121|0x00000006c7900000, 0x00000006c7a00000, 0x00000006c7a00000|100%| E|CS|TAMS 0x00000006c7900000, 0x00000006c7900000| Complete 
| 122|0x00000006c7a00000, 0x00000006c7b00000, 0x00000006c7b00000|100%| E|CS|TAMS 0x00000006c7a00000, 0x00000006c7a00000| Complete 
| 123|0x00000006c7b00000, 0x00000006c7c00000, 0x00000006c7c00000|100%| E|CS|TAMS 0x00000006c7b00000, 0x00000006c7b00000| Complete 
| 124|0x00000006c7c00000, 0x00000006c7d00000, 0x00000006c7d00000|100%| E|CS|TAMS 0x00000006c7c00000, 0x00000006c7c00000| Complete 
| 125|0x00000006c7d00000, 0x00000006c7e00000, 0x00000006c7e00000|100%| E|CS|TAMS 0x00000006c7d00000, 0x00000006c7d00000| Complete 
| 126|0x00000006c7e00000, 0x00000006c7f00000, 0x00000006c7f00000|100%| E|CS|TAMS 0x00000006c7e00000, 0x00000006c7e00000| Complete 
| 127|0x00000006c7f00000, 0x00000006c8000000, 0x00000006c8000000|100%| E|CS|TAMS 0x00000006c7f00000, 0x00000006c7f00000| Complete 
| 128|0x00000006c8000000, 0x00000006c8100000, 0x00000006c8100000|100%| E|CS|TAMS 0x00000006c8000000, 0x00000006c8000000| Complete 
| 129|0x00000006c8100000, 0x00000006c8200000, 0x00000006c8200000|100%| E|CS|TAMS 0x00000006c8100000, 0x00000006c8100000| Complete 
| 130|0x00000006c8200000, 0x00000006c8300000, 0x00000006c8300000|100%| E|CS|TAMS 0x00000006c8200000, 0x00000006c8200000| Complete 
| 131|0x00000006c8300000, 0x00000006c8400000, 0x00000006c8400000|100%| E|CS|TAMS 0x00000006c8300000, 0x00000006c8300000| Complete 
| 132|0x00000006c8400000, 0x00000006c8500000, 0x00000006c8500000|100%| E|CS|TAMS 0x00000006c8400000, 0x00000006c8400000| Complete 
| 133|0x00000006c8500000, 0x00000006c8600000, 0x00000006c8600000|100%| E|CS|TAMS 0x00000006c8500000, 0x00000006c8500000| Complete 
| 134|0x00000006c8600000, 0x00000006c8700000, 0x00000006c8700000|100%| E|CS|TAMS 0x00000006c8600000, 0x00000006c8600000| Complete 
| 135|0x00000006c8700000, 0x00000006c8800000, 0x00000006c8800000|100%| E|CS|TAMS 0x00000006c8700000, 0x00000006c8700000| Complete 
| 136|0x00000006c8800000, 0x00000006c8900000, 0x00000006c8900000|100%| E|CS|TAMS 0x00000006c8800000, 0x00000006c8800000| Complete 
| 137|0x00000006c8900000, 0x00000006c8a00000, 0x00000006c8a00000|100%| E|CS|TAMS 0x00000006c8900000, 0x00000006c8900000| Complete 
| 138|0x00000006c8a00000, 0x00000006c8b00000, 0x00000006c8b00000|100%| E|CS|TAMS 0x00000006c8a00000, 0x00000006c8a00000| Complete 
| 139|0x00000006c8b00000, 0x00000006c8c00000, 0x00000006c8c00000|100%| E|CS|TAMS 0x00000006c8b00000, 0x00000006c8b00000| Complete 
| 178|0x00000006cb200000, 0x00000006cb300000, 0x00000006cb300000|100%| E|CS|TAMS 0x00000006cb200000, 0x00000006cb200000| Complete 
| 179|0x00000006cb300000, 0x00000006cb400000, 0x00000006cb400000|100%| E|CS|TAMS 0x00000006cb300000, 0x00000006cb300000| Complete 
| 180|0x00000006cb400000, 0x00000006cb500000, 0x00000006cb500000|100%| E|CS|TAMS 0x00000006cb400000, 0x00000006cb400000| Complete 
| 181|0x00000006cb500000, 0x00000006cb600000, 0x00000006cb600000|100%| E|CS|TAMS 0x00000006cb500000, 0x00000006cb500000| Complete 
| 182|0x00000006cb600000, 0x00000006cb700000, 0x00000006cb700000|100%| E|CS|TAMS 0x00000006cb600000, 0x00000006cb600000| Complete 
| 255|0x00000006cff00000, 0x00000006d0000000, 0x00000006d0000000|100%| E|CS|TAMS 0x00000006cff00000, 0x00000006cff00000| Complete 

Card table byte_map: [0x000000010dea0000,0x000000010e6a0000] _byte_map_base: 0x000000010a8a0000

Marking Bits (Prev, Next): (CMBitMap*) 0x000000013080cc58, (CMBitMap*) 0x000000013080cc18
 Prev Bits: [0x0000000129800000, 0x000000012d800000)
 Next Bits: [0x0000000118800000, 0x000000011c800000)

Polling page: 0x00000001008d0000

Metaspace:

Usage:
  Non-class:     22.13 MB capacity,    21.59 MB ( 98%) used,   401.31 KB (  2%) free+waste,   147.94 KB ( <1%) overhead. 
      Class:      3.97 MB capacity,     3.29 MB ( 83%) used,   601.14 KB ( 15%) free+waste,    89.94 KB (  2%) overhead. 
       Both:     26.09 MB capacity,    24.88 MB ( 95%) used,  1002.45 KB (  4%) free+waste,   237.88 KB ( <1%) overhead. 

Virtual space:
  Non-class space:       24.00 MB reserved,      22.17 MB ( 92%) committed 
      Class space:        1.00 GB reserved,       4.00 MB ( <1%) committed 
             Both:        1.02 GB reserved,      26.17 MB (  2%) committed 

Chunk freelists:
   Non-Class:  44.00 KB
       Class:  1.00 KB
        Both:  45.00 KB

MaxMetaspaceSize: unlimited
CompressedClassSpaceSize: 1.00 GB

CodeHeap 'non-profiled nmethods': size=120032Kb used=1224Kb max_used=1224Kb free=118807Kb
 bounds [0x0000000138ac8000, 0x0000000138d38000, 0x0000000140000000]
CodeHeap 'profiled nmethods': size=120016Kb used=3951Kb max_used=3951Kb free=116064Kb
 bounds [0x0000000131594000, 0x0000000131974000, 0x0000000138ac8000]
CodeHeap 'non-nmethods': size=5712Kb used=1712Kb max_used=1849Kb free=3999Kb
 bounds [0x0000000131000000, 0x0000000131270000, 0x0000000131594000]
 total_blobs=2357 nmethods=1885 adapters=395
 compilation: enabled
              stopped_count=0, restarted_count=0
 full_count=0

Compilation events (20 events):
Event: 1.534 Thread 0x000000011f808800 17468       2       scala.util.matching.Regex$Match::$anonfun$starts$1 (9 bytes)
Event: 1.535 Thread 0x000000011f808800 nmethod 17468 0x000000013196be10 code [0x000000013196bfc0, 0x000000013196c180]
Event: 1.535 Thread 0x000000011f808800 17469       2       java.util.regex.Matcher::start (65 bytes)
Event: 1.535 Thread 0x000000011f808800 nmethod 17469 0x000000013196c290 code [0x000000013196c4c0, 0x000000013196cae0]
Event: 1.535 Thread 0x000000011f808800 17470       2       scala.util.matching.Regex$Match::groupCount (8 bytes)
Event: 1.535 Thread 0x000000011f808800 nmethod 17470 0x000000013196ce90 code [0x000000013196d040, 0x000000013196d210]
Event: 1.535 Thread 0x000000011f808800 17465       2       scala.collection.IterableOnceOps$$Lambda$283/0x000000080027b840::<init> (10 bytes)
Event: 1.535 Thread 0x000000011f808800 nmethod 17465 0x000000013196d310 code [0x000000013196d4c0, 0x000000013196d690]
Event: 1.535 Thread 0x000000011f808800 17529       2       scala.util.matching.Regex$Match::start (7 bytes)
Event: 1.535 Thread 0x000000011f808800 nmethod 17529 0x000000013196d710 code [0x000000013196d8c0, 0x000000013196db00]
Event: 1.535 Thread 0x000000011f808800 17530       2       scala.util.matching.Regex$Match::starts (21 bytes)
Event: 1.536 Thread 0x000000011f808800 nmethod 17530 0x000000013196dc10 code [0x000000013196ddc0, 0x000000013196dfc0]
Event: 1.537 Thread 0x000000011f808800 17598       1       izumi.reflect.Tag$$anon$1::tag (5 bytes)
Event: 1.537 Thread 0x000000011f808800 nmethod 17598 0x0000000138bed110 code [0x0000000138bed280, 0x0000000138bed3d0]
Event: 1.537 Thread 0x000000011f808800 17603       2       izumi.reflect.thirdparty.internal.boopickle.DecoderSize::readString (13 bytes)
Event: 1.538 Thread 0x000000011f808800 nmethod 17603 0x000000013196e090 code [0x000000013196e240, 0x000000013196e4b0]
Event: 1.538 Thread 0x000000011f808800 17605       2       izumi.reflect.thirdparty.internal.boopickle.StringCodecFast::decodeFast (21 bytes)
Event: 1.538 Thread 0x000000011f808800 nmethod 17605 0x000000013196e610 code [0x000000013196e7c0, 0x000000013196ea30]
Event: 1.538 Thread 0x000000011f808800 17607       1       izumi.reflect.thirdparty.internal.boopickle.IdentList$Entry::next (5 bytes)
Event: 1.538 Thread 0x000000011f808800 nmethod 17607 0x0000000138bed490 code [0x0000000138bed600, 0x0000000138bed750]

GC Heap History (20 events):
Event: 0.834 GC heap before
{Heap before GC invocations=1 (full 0):
 garbage-first heap   total 262144K, used 77644K [0x00000006c0000000, 0x00000007c0000000)
  region size 1024K, 73 young (74752K), 3 survivors (3072K)
 Metaspace       used 20675K, capacity 21188K, committed 21296K, reserved 1069056K
  class space    used 2324K, capacity 2647K, committed 2688K, reserved 1048576K
}
Event: 0.837 GC heap after
{Heap after GC invocations=2 (full 0):
 garbage-first heap   total 262144K, used 8384K [0x00000006c0000000, 0x00000007c0000000)
  region size 1024K, 5 young (5120K), 5 survivors (5120K)
 Metaspace       used 20675K, capacity 21188K, committed 21296K, reserved 1069056K
  class space    used 2324K, capacity 2647K, committed 2688K, reserved 1048576K
}
Event: 0.944 GC heap before
{Heap before GC invocations=3 (full 0):
 garbage-first heap   total 34816K, used 30912K [0x00000006c0000000, 0x00000007c0000000)
  region size 1024K, 27 young (27648K), 5 survivors (5120K)
 Metaspace       used 20827K, capacity 21407K, committed 21552K, reserved 1069056K
  class space    used 2360K, capacity 2682K, committed 2688K, reserved 1048576K
}
Event: 0.947 GC heap after
{Heap after GC invocations=4 (full 0):
 garbage-first heap   total 36864K, used 8505K [0x00000006c0000000, 0x00000007c0000000)
  region size 1024K, 2 young (2048K), 2 survivors (2048K)
 Metaspace       used 20827K, capacity 21407K, committed 21552K, reserved 1069056K
  class space    used 2360K, capacity 2682K, committed 2688K, reserved 1048576K
}
Event: 1.020 GC heap before
{Heap before GC invocations=4 (full 0):
 garbage-first heap   total 36864K, used 24889K [0x00000006c0000000, 0x00000007c0000000)
  region size 1024K, 19 young (19456K), 2 survivors (2048K)
 Metaspace       used 21014K, capacity 21655K, committed 21936K, reserved 1069056K
  class space    used 2420K, capacity 2769K, committed 2816K, reserved 1048576K
}
Event: 1.021 GC heap after
{Heap after GC invocations=5 (full 0):
 garbage-first heap   total 36864K, used 8547K [0x00000006c0000000, 0x00000007c0000000)
  region size 1024K, 2 young (2048K), 2 survivors (2048K)
 Metaspace       used 21014K, capacity 21655K, committed 21936K, reserved 1069056K
  class space    used 2420K, capacity 2769K, committed 2816K, reserved 1048576K
}
Event: 1.091 GC heap before
{Heap before GC invocations=5 (full 0):
 garbage-first heap   total 36864K, used 24931K [0x00000006c0000000, 0x00000007c0000000)
  region size 1024K, 19 young (19456K), 2 survivors (2048K)
 Metaspace       used 21205K, capacity 21888K, committed 22064K, reserved 1069056K
  class space    used 2457K, capacity 2835K, committed 2944K, reserved 1048576K
}
Event: 1.092 GC heap after
{Heap after GC invocations=6 (full 0):
 garbage-first heap   total 36864K, used 8129K [0x00000006c0000000, 0x00000007c0000000)
  region size 1024K, 1 young (1024K), 1 survivors (1024K)
 Metaspace       used 21205K, capacity 21888K, committed 22064K, reserved 1069056K
  class space    used 2457K, capacity 2835K, committed 2944K, reserved 1048576K
}
Event: 1.139 GC heap before
{Heap before GC invocations=6 (full 0):
 garbage-first heap   total 36864K, used 26561K [0x00000006c0000000, 0x00000007c0000000)
  region size 1024K, 19 young (19456K), 1 survivors (1024K)
 Metaspace       used 21548K, capacity 22258K, committed 22576K, reserved 1069056K
  class space    used 2531K, capacity 2926K, committed 2944K, reserved 1048576K
}
Event: 1.140 GC heap after
{Heap after GC invocations=7 (full 0):
 garbage-first heap   total 36864K, used 8125K [0x00000006c0000000, 0x00000007c0000000)
  region size 1024K, 1 young (1024K), 1 survivors (1024K)
 Metaspace       used 21548K, capacity 22258K, committed 22576K, reserved 1069056K
  class space    used 2531K, capacity 2926K, committed 2944K, reserved 1048576K
}
Event: 1.180 GC heap before
{Heap before GC invocations=7 (full 0):
 garbage-first heap   total 36864K, used 25533K [0x00000006c0000000, 0x00000007c0000000)
  region size 1024K, 19 young (19456K), 1 survivors (1024K)
 Metaspace       used 21768K, capacity 22520K, committed 22704K, reserved 1069056K
  class space    used 2593K, capacity 3013K, committed 3072K, reserved 1048576K
}
Event: 1.181 GC heap after
{Heap after GC invocations=8 (full 0):
 garbage-first heap   total 36864K, used 9215K [0x00000006c0000000, 0x00000007c0000000)
  region size 1024K, 2 young (2048K), 2 survivors (2048K)
 Metaspace       used 21768K, capacity 22520K, committed 22704K, reserved 1069056K
  class space    used 2593K, capacity 3013K, committed 3072K, reserved 1048576K
}
Event: 1.243 GC heap before
{Heap before GC invocations=8 (full 0):
 garbage-first heap   total 36864K, used 26623K [0x00000006c0000000, 0x00000007c0000000)
  region size 1024K, 20 young (20480K), 2 survivors (2048K)
 Metaspace       used 21986K, capacity 22812K, committed 23088K, reserved 1069056K
  class space    used 2659K, capacity 3113K, committed 3200K, reserved 1048576K
}
Event: 1.244 GC heap after
{Heap after GC invocations=9 (full 0):
 garbage-first heap   total 36864K, used 8276K [0x00000006c0000000, 0x00000007c0000000)
  region size 1024K, 1 young (1024K), 1 survivors (1024K)
 Metaspace       used 21986K, capacity 22812K, committed 23088K, reserved 1069056K
  class space    used 2659K, capacity 3113K, committed 3200K, reserved 1048576K
}
Event: 1.323 GC heap before
{Heap before GC invocations=9 (full 0):
 garbage-first heap   total 36864K, used 26708K [0x00000006c0000000, 0x00000007c0000000)
  region size 1024K, 20 young (20480K), 1 survivors (1024K)
 Metaspace       used 22119K, capacity 22994K, committed 23088K, reserved 1069056K
  class space    used 2701K, capacity 3176K, committed 3200K, reserved 1048576K
}
Event: 1.324 GC heap after
{Heap after GC invocations=10 (full 0):
 garbage-first heap   total 36864K, used 8259K [0x00000006c0000000, 0x00000007c0000000)
  region size 1024K, 1 young (1024K), 1 survivors (1024K)
 Metaspace       used 22119K, capacity 22994K, committed 23088K, reserved 1069056K
  class space    used 2701K, capacity 3176K, committed 3200K, reserved 1048576K
}
Event: 1.345 GC heap before
{Heap before GC invocations=10 (full 0):
 garbage-first heap   total 36864K, used 26691K [0x00000006c0000000, 0x00000007c0000000)
  region size 1024K, 20 young (20480K), 1 survivors (1024K)
 Metaspace       used 22459K, capacity 23367K, committed 23472K, reserved 1069056K
  class space    used 2793K, capacity 3306K, committed 3328K, reserved 1048576K
}
Event: 1.349 GC heap after
{Heap after GC invocations=11 (full 0):
 garbage-first heap   total 36864K, used 12322K [0x00000006c0000000, 0x00000007c0000000)
  region size 1024K, 3 young (3072K), 3 survivors (3072K)
 Metaspace       used 22459K, capacity 23367K, committed 23472K, reserved 1069056K
  class space    used 2793K, capacity 3306K, committed 3328K, reserved 1048576K
}
Event: 1.369 GC heap before
{Heap before GC invocations=11 (full 0):
 garbage-first heap   total 36864K, used 26658K [0x00000006c0000000, 0x00000007c0000000)
  region size 1024K, 17 young (17408K), 3 survivors (3072K)
 Metaspace       used 22491K, capacity 23370K, committed 23472K, reserved 1069056K
  class space    used 2794K, capacity 3306K, committed 3328K, reserved 1048576K
}
Event: 1.372 GC heap after
{Heap after GC invocations=12 (full 0):
 garbage-first heap   total 149504K, used 12482K [0x00000006c0000000, 0x00000007c0000000)
  region size 1024K, 2 young (2048K), 2 survivors (2048K)
 Metaspace       used 22491K, capacity 23370K, committed 23472K, reserved 1069056K
  class space    used 2794K, capacity 3306K, committed 3328K, reserved 1048576K
}

Deoptimization events (20 events):
Event: 1.489 Thread 0x0000000130ae8000 DEOPT PACKING pc=0x0000000138b2f36c sp=0x0000000174985a20
Event: 1.489 Thread 0x0000000130ae8000 DEOPT UNPACKING pc=0x00000001310aef9c sp=0x00000001749859d0 mode 2
Event: 1.491 Thread 0x0000000130ae8000 Uncommon trap: trap_request=0xffffffde fr.pc=0x0000000138b89804 relative=0x0000000000000644
Event: 1.491 Thread 0x0000000130ae8000 Uncommon trap: reason=class_check action=maybe_recompile pc=0x0000000138b89804 method=scala.collection.immutable.List.prependedAll(Lscala/collection/IterableOnce;)Lscala/collection/immutable/List; @ 22 c2
Event: 1.491 Thread 0x00000001181cb800 Uncommon trap: trap_request=0xffffffde fr.pc=0x0000000138b89804 relative=0x0000000000000644
Event: 1.491 Thread 0x0000000130ae8000 DEOPT PACKING pc=0x0000000138b89804 sp=0x0000000174985fe0
Event: 1.491 Thread 0x00000001181cb800 Uncommon trap: reason=class_check action=maybe_recompile pc=0x0000000138b89804 method=scala.collection.immutable.List.prependedAll(Lscala/collection/IterableOnce;)Lscala/collection/immutable/List; @ 22 c2
Event: 1.491 Thread 0x00000001181cb800 DEOPT PACKING pc=0x0000000138b89804 sp=0x0000000173719fe0
Event: 1.491 Thread 0x0000000130ae8000 DEOPT UNPACKING pc=0x00000001310aef9c sp=0x0000000174985f50 mode 2
Event: 1.491 Thread 0x00000001181cb800 DEOPT UNPACKING pc=0x00000001310aef9c sp=0x0000000173719f50 mode 2
Event: 1.504 Thread 0x0000000130ae8000 DEOPT PACKING pc=0x0000000131846214 sp=0x0000000174985810
Event: 1.504 Thread 0x0000000130ae8000 DEOPT UNPACKING pc=0x00000001310af47c sp=0x0000000174985660 mode 0
Event: 1.523 Thread 0x00000001181cb800 Uncommon trap: trap_request=0xffffffde fr.pc=0x0000000138b89804 relative=0x0000000000000644
Event: 1.523 Thread 0x00000001181cb800 Uncommon trap: reason=class_check action=maybe_recompile pc=0x0000000138b89804 method=scala.collection.immutable.List.prependedAll(Lscala/collection/IterableOnce;)Lscala/collection/immutable/List; @ 22 c2
Event: 1.523 Thread 0x00000001181cb800 DEOPT PACKING pc=0x0000000138b89804 sp=0x0000000173719f60
Event: 1.523 Thread 0x00000001181cb800 DEOPT UNPACKING pc=0x00000001310aef9c sp=0x0000000173719ed0 mode 2
Event: 1.524 Thread 0x0000000130ae8000 Uncommon trap: trap_request=0xffffffde fr.pc=0x0000000138b89804 relative=0x0000000000000644
Event: 1.524 Thread 0x0000000130ae8000 Uncommon trap: reason=class_check action=maybe_recompile pc=0x0000000138b89804 method=scala.collection.immutable.List.prependedAll(Lscala/collection/IterableOnce;)Lscala/collection/immutable/List; @ 22 c2
Event: 1.524 Thread 0x0000000130ae8000 DEOPT PACKING pc=0x0000000138b89804 sp=0x0000000174985f60
Event: 1.524 Thread 0x0000000130ae8000 DEOPT UNPACKING pc=0x00000001310aef9c sp=0x0000000174985ed0 mode 2

Classes unloaded (0 events):
No events

Classes redefined (0 events):
No events

Internal exceptions (20 events):
Event: 1.485 Thread 0x000000012fe09800 Exception <a 'java/lang/NoSuchMethodError'{0x00000006c69e82d0}: 'java.lang.Object java.lang.invoke.DirectMethodHandle$Holder.invokeStatic(java.lang.Object, int, java.lang.Object, java.lang.Object, java.lang.Object)'> (0x00000006c69e82d0) 
thrown [src/hotspot/share/interpreter/linkResolver.cpp, line 767]
Event: 1.485 Thread 0x000000012fe09800 Exception <a 'java/lang/NoSuchMethodError'{0x00000006c69eb890}: 'java.lang.Object java.lang.invoke.DirectMethodHandle$Holder.invokeSpecial(java.lang.Object, java.lang.Object, int, java.lang.Object, java.lang.Object, java.lang.Object)'> (0x00000006c69eb890) 
thrown [src/hotspot/share/interpreter/linkResolver.cpp, line 767]
Event: 1.485 Thread 0x00000001181cb800 Exception <a 'java/lang/NoSuchMethodError'{0x00000006c68021c8}: 'java.lang.Object java.lang.invoke.DirectMethodHandle$Holder.invokeSpecial(java.lang.Object, java.lang.Object, int, java.lang.Object, java.lang.Object, java.lang.Object)'> (0x00000006c68021c8) 
thrown [src/hotspot/share/interpreter/linkResolver.cpp, line 767]
Event: 1.485 Thread 0x00000001181cb800 Exception <a 'java/lang/NoSuchMethodError'{0x00000006c6804c60}: 'java.lang.Object java.lang.invoke.Invokers$Holder.linkToTargetMethod(int, java.lang.Object, java.lang.Object, java.lang.Object, java.lang.Object)'> (0x00000006c6804c60) 
thrown [src/hotspot/share/interpreter/linkResolver.cpp, line 767]
Event: 1.493 Thread 0x0000000130ae8000 Exception <a 'java/lang/NoSuchMethodError'{0x00000006c65354d8}: 'java.lang.Object java.lang.invoke.DirectMethodHandle$Holder.invokeSpecial(java.lang.Object, java.lang.Object, java.lang.Object, java.lang.Object, java.lang.Object, java.lang.Object, java.lang.Object, java.lang.Object, java.lang.Object, java.lang.Object, java.lang.Object, java.lang.Object)'> (0x00000006c65354d8) 
thrown [src/hotspot/share/interpreter/linkResolver.cpp, line 767]
Event: 1.493 Thread 0x00000001181cb800 Exception <a 'java/lang/NoSuchMethodError'{0x00000006c6573088}: 'java.lang.Object java.lang.invoke.DirectMethodHandle$Holder.invokeSpecial(java.lang.Object, java.lang.Object, java.lang.Object, java.lang.Object, java.lang.Object, java.lang.Object, java.lang.Object, java.lang.Object, java.lang.Object, java.lang.Object, java.lang.Object, java.lang.Object)'> (0x00000006c6573088) 
thrown [src/hotspot/share/interpreter/linkResolver.cpp, line 767]
Event: 1.494 Thread 0x00000001181cb800 Exception <a 'java/lang/NoSuchMethodError'{0x00000006c6576880}: 'java.lang.Object java.lang.invoke.Invokers$Holder.linkToTargetMethod(java.lang.Object, java.lang.Object, java.lang.Object, java.lang.Object, java.lang.Object, java.lang.Object, java.lang.Object, java.lang.Object, java.lang.Object, java.lang.Object, java.lang.Object)'> (0x00000006c6576880) 
thrown [src/hotspot/share/interpreter/linkResolver.cpp, line 767]
Event: 1.494 Thread 0x0000000130ae8000 Exception <a 'java/lang/NoSuchMethodError'{0x00000006c6539030}: 'java.lang.Object java.lang.invoke.Invokers$Holder.linkToTargetMethod(java.lang.Object, java.lang.Object, java.lang.Object, java.lang.Object, java.lang.Object, java.lang.Object, java.lang.Object, java.lang.Object, java.lang.Object, java.lang.Object, java.lang.Object)'> (0x00000006c6539030) 
thrown [src/hotspot/share/interpreter/linkResolver.cpp, line 767]
Event: 1.511 Thread 0x0000000130ae8000 Exception <a 'java/lang/NoSuchMethodError'{0x00000006c61c5d78}: 'void java.lang.invoke.DirectMethodHandle$Holder.invokeStaticInit(java.lang.Object)'> (0x00000006c61c5d78) 
thrown [src/hotspot/share/interpreter/linkResolver.cpp, line 767]
Event: 1.512 Thread 0x0000000130ae8000 Exception <a 'java/lang/NoSuchMethodError'{0x00000006c6006f08}: 'java.lang.Object java.lang.invoke.DirectMethodHandle$Holder.invokeStatic(java.lang.Object, java.lang.Object, int, int)'> (0x00000006c6006f08) 
thrown [src/hotspot/share/interpreter/linkResolver.cpp, line 767]
Event: 1.512 Thread 0x00000001181cb800 Exception <a 'java/lang/NoSuchMethodError'{0x00000006c62d4ab8}: 'java.lang.Object java.lang.invoke.DirectMethodHandle$Holder.invokeStatic(java.lang.Object, java.lang.Object, int, int)'> (0x00000006c62d4ab8) 
thrown [src/hotspot/share/interpreter/linkResolver.cpp, line 767]
Event: 1.512 Thread 0x00000001181cb800 Exception <a 'java/lang/NoSuchMethodError'{0x00000006c62de178}: 'java.lang.Object java.lang.invoke.Invokers$Holder.linkToTargetMethod(java.lang.Object, int, int, java.lang.Object)'> (0x00000006c62de178) 
thrown [src/hotspot/share/interpreter/linkResolver.cpp, line 767]
Event: 1.512 Thread 0x0000000130ae8000 Exception <a 'java/lang/NoSuchMethodError'{0x00000006c600ff98}: 'java.lang.Object java.lang.invoke.Invokers$Holder.linkToTargetMethod(java.lang.Object, int, int, java.lang.Object)'> (0x00000006c600ff98) 
thrown [src/hotspot/share/interpreter/linkResolver.cpp, line 767]
Event: 1.515 Thread 0x00000001181cb800 Exception <a 'java/lang/NoSuchMethodError'{0x00000006c605f540}: 'java.lang.Object java.lang.invoke.DirectMethodHandle$Holder.invokeStatic(java.lang.Object, java.lang.Object, int, int, java.lang.Object, java.lang.Object)'> (0x00000006c605f540) 
thrown [src/hotspot/share/interpreter/linkResolver.cpp, line 767]
Event: 1.515 Thread 0x0000000130ae8000 Exception <a 'java/lang/NoSuchMethodError'{0x00000006c606eec8}: 'java.lang.Object java.lang.invoke.DirectMethodHandle$Holder.invokeStatic(java.lang.Object, java.lang.Object, int, int, java.lang.Object, java.lang.Object)'> (0x00000006c606eec8) 
thrown [src/hotspot/share/interpreter/linkResolver.cpp, line 767]
Event: 1.515 Thread 0x00000001181cb800 Exception <a 'java/lang/NoSuchMethodError'{0x00000006c609b130}: 'java.lang.Object java.lang.invoke.DirectMethodHandle$Holder.invokeStatic(java.lang.Object, java.lang.Object, int, int, java.lang.Object)'> (0x00000006c609b130) 
thrown [src/hotspot/share/interpreter/linkResolver.cpp, line 767]
Event: 1.515 Thread 0x0000000130ae8000 Exception <a 'java/lang/NoSuchMethodError'{0x00000006c6075d40}: 'java.lang.Object java.lang.invoke.DirectMethodHandle$Holder.invokeStatic(java.lang.Object, java.lang.Object, int, int, java.lang.Object)'> (0x00000006c6075d40) 
thrown [src/hotspot/share/interpreter/linkResolver.cpp, line 767]
Event: 1.515 Thread 0x0000000130ae8000 Exception <a 'java/lang/NoSuchMethodError'{0x00000006c607b1b0}: 'java.lang.Object java.lang.invoke.Invokers$Holder.linkToTargetMethod(java.lang.Object, int, int, java.lang.Object, java.lang.Object)'> (0x00000006c607b1b0) 
thrown [src/hotspot/share/interpreter/linkResolver.cpp, line 767]
Event: 1.515 Thread 0x00000001181cb800 Exception <a 'java/lang/NoSuchMethodError'{0x00000006c60a10d8}: 'java.lang.Object java.lang.invoke.Invokers$Holder.linkToTargetMethod(java.lang.Object, int, int, java.lang.Object, java.lang.Object)'> (0x00000006c60a10d8) 
thrown [src/hotspot/share/interpreter/linkResolver.cpp, line 767]
Event: 1.518 Thread 0x00000001181cb800 Exception <a 'java/lang/NoSuchMethodError'{0x00000006c5f4a918}: 'java.lang.Object java.lang.invoke.DirectMethodHandle$Holder.invokeStaticInit(java.lang.Object, java.lang.Object, java.lang.Object, java.lang.Object, java.lang.Object)'> (0x00000006c5f4a918) 
thrown [src/hotspot/share/interpreter/linkResolver.cpp, line 767]

Events (20 events):
Event: 1.537 loading class scala/Function1 done
Event: 1.537 loading class zio/ZQueue
Event: 1.537 loading class scala/Function1
Event: 1.537 loading class scala/Function1 done
Event: 1.537 loading class zio/ZQueue done
Event: 1.537 loading class zio/ZQueue
Event: 1.537 loading class zio/ZQueue done
Event: 1.537 loading class zio/ZQueue
Event: 1.537 loading class zio/ZQueue done
Event: 1.537 loading class scala/collection/immutable/Set$Set4
Event: 1.537 loading class scala/collection/immutable/Set$Set4 done
Event: 1.537 Executing VM operation: RevokeBias
Event: 1.537 Executing VM operation: RevokeBias done
Event: 1.538 loading class scala/collection/immutable/HashSetBuilder
Event: 1.538 loading class scala/collection/immutable/HashSetBuilder done
Event: 1.538 Executing VM operation: RevokeBias
Event: 1.538 Executing VM operation: RevokeBias done
Event: 1.538 loading class scala/collection/immutable/HashCollisionSetNode
Event: 1.538 loading class scala/collection/immutable/HashCollisionSetNode done
Event: 1.539 Executing VM operation: HandshakeAllThreads


Dynamic libraries:
0x000000018c391000 	/usr/lib/libz.1.dylib
0x000000010080c000 	/Library/Java/JavaVirtualMachines/zulu-13.jdk/Contents/Home/lib/libjli.dylib
0x000000019689b000 	/System/Library/Frameworks/Cocoa.framework/Versions/A/Cocoa
0x00000001847de000 	/System/Library/Frameworks/Security.framework/Versions/A/Security
0x0000000194c09000 	/System/Library/Frameworks/ApplicationServices.framework/Versions/A/ApplicationServices
0x000000018c437000 	/usr/lib/libSystem.B.dylib
0x000000018c431000 	/usr/lib/system/libcache.dylib
0x000000018c3f0000 	/usr/lib/system/libcommonCrypto.dylib
0x000000018c41a000 	/usr/lib/system/libcompiler_rt.dylib
0x000000018c411000 	/usr/lib/system/libcopyfile.dylib
0x0000000182754000 	/usr/lib/system/libcorecrypto.dylib
0x00000001827f4000 	/usr/lib/system/libdispatch.dylib
0x00000001829ad000 	/usr/lib/system/libdyld.dylib
0x000000018c427000 	/usr/lib/system/libkeymgr.dylib
0x000000018f858000 	/usr/lib/system/liblaunch.dylib
0x000000018c3d2000 	/usr/lib/system/libmacho.dylib
0x000000018bc44000 	/usr/lib/system/libquarantine.dylib
0x000000018c424000 	/usr/lib/system/libremovefile.dylib
0x000000018723a000 	/usr/lib/system/libsystem_asl.dylib
0x0000000182702000 	/usr/lib/system/libsystem_blocks.dylib
0x0000000182876000 	/usr/lib/system/libsystem_c.dylib
0x000000018c41e000 	/usr/lib/system/libsystem_collections.dylib
0x000000018b27e000 	/usr/lib/system/libsystem_configuration.dylib
0x000000018a601000 	/usr/lib/system/libsystem_containermanager.dylib
0x000000018c1a7000 	/usr/lib/system/libsystem_coreservices.dylib
0x0000000184db5000 	/usr/lib/system/libsystem_darwin.dylib
0x000000018c428000 	/usr/lib/system/libsystem_dnssd.dylib
0x0000000182873000 	/usr/lib/system/libsystem_featureflags.dylib
0x00000001829f6000 	/usr/lib/system/libsystem_info.dylib
0x000000018c3a3000 	/usr/lib/system/libsystem_m.dylib
0x00000001827c8000 	/usr/lib/system/libsystem_malloc.dylib
0x00000001871d5000 	/usr/lib/system/libsystem_networkextension.dylib
0x00000001851f8000 	/usr/lib/system/libsystem_notify.dylib
0x0000000191d06000 	/usr/lib/system/libsystem_product_info_filter.dylib
0x000000018b283000 	/usr/lib/system/libsystem_sandbox.dylib
0x000000018c421000 	/usr/lib/system/libsystem_secinit.dylib
0x000000018296c000 	/usr/lib/system/libsystem_kernel.dylib
0x00000001829ef000 	/usr/lib/system/libsystem_platform.dylib
0x00000001829a0000 	/usr/lib/system/libsystem_pthread.dylib
0x00000001887a7000 	/usr/lib/system/libsystem_symptoms.dylib
0x000000018273c000 	/usr/lib/system/libsystem_trace.dylib
0x000000018c3fe000 	/usr/lib/system/libunwind.dylib
0x0000000182704000 	/usr/lib/system/libxpc.dylib
0x0000000182954000 	/usr/lib/libc++abi.dylib
0x0000000182839000 	/usr/lib/libobjc.A.dylib
0x000000018c409000 	/usr/lib/liboah.dylib
0x00000001828f8000 	/usr/lib/libc++.1.dylib
0x0000000182a22000 	/System/Library/Frameworks/CoreFoundation.framework/Versions/A/CoreFoundation
0x00000001837e9000 	/System/Library/Frameworks/Foundation.framework/Versions/C/Foundation
0x0000000185252000 	/System/Library/Frameworks/AppKit.framework/Versions/C/AppKit
0x0000000188070000 	/System/Library/Frameworks/CoreData.framework/Versions/A/CoreData
0x0000000185f92000 	/System/Library/PrivateFrameworks/UIFoundation.framework/Versions/A/UIFoundation
0x0000000191a98000 	/System/Library/PrivateFrameworks/RemoteViewServices.framework/Versions/A/RemoteViewServices
0x000000018acb2000 	/System/Library/PrivateFrameworks/XCTTargetBootstrap.framework/Versions/A/XCTTargetBootstrap
0x000000018d5f1000 	/usr/lib/libspindump.dylib
0x00000001861b9000 	/System/Library/Frameworks/UniformTypeIdentifiers.framework/Versions/A/UniformTypeIdentifiers
0x000000018929a000 	/usr/lib/libapp_launch_measurement.dylib
0x000000018929d000 	/System/Library/PrivateFrameworks/CoreAutoLayout.framework/Versions/A/CoreAutoLayout
0x000000018a62f000 	/System/Library/Frameworks/Metal.framework/Versions/A/Metal
0x000000018b28e000 	/usr/lib/liblangid.dylib
0x000000018acb6000 	/System/Library/PrivateFrameworks/CoreSVG.framework/Versions/A/CoreSVG
0x000000018726c000 	/System/Library/PrivateFrameworks/SkyLight.framework/Versions/A/SkyLight
0x00000001875d7000 	/System/Library/Frameworks/CoreGraphics.framework/Versions/A/CoreGraphics
0x0000000191fb8000 	/System/Library/Frameworks/Accelerate.framework/Versions/A/Accelerate
0x000000018d04b000 	/System/Library/PrivateFrameworks/IconServices.framework/Versions/A/IconServices
0x000000018a613000 	/System/Library/Frameworks/IOSurface.framework/Versions/A/IOSurface
0x000000018893e000 	/usr/lib/libDiagnosticMessagesClient.dylib
0x000000018ac9a000 	/System/Library/PrivateFrameworks/DFRFoundation.framework/Versions/A/DFRFoundation
0x0000000184b43000 	/usr/lib/libicucore.A.dylib
0x000000018eb42000 	/System/Library/Frameworks/AudioToolbox.framework/Versions/A/AudioToolbox
0x000000018dd57000 	/System/Library/PrivateFrameworks/DataDetectorsCore.framework/Versions/A/DataDetectorsCore
0x00000001871e7000 	/usr/lib/libMobileGestalt.dylib
0x000000018a98f000 	/System/Library/Frameworks/Carbon.framework/Versions/A/Frameworks/HIToolbox.framework/Versions/A/HIToolbox
0x0000000188d39000 	/System/Library/Frameworks/QuartzCore.framework/Versions/A/QuartzCore
0x0000000191ad0000 	/System/Library/Frameworks/Carbon.framework/Versions/A/Frameworks/SpeechRecognition.framework/Versions/A/SpeechRecognition
0x0000000189038000 	/System/Library/PrivateFrameworks/CoreUI.framework/Versions/A/CoreUI
0x00000001841c3000 	/System/Library/Frameworks/CoreAudio.framework/Versions/A/CoreAudio
0x0000000188a27000 	/System/Library/Frameworks/DiskArbitration.framework/Versions/A/DiskArbitration
0x000000018d9a4000 	/System/Library/PrivateFrameworks/MultitouchSupport.framework/Versions/A/MultitouchSupport
0x000000018dd4e000 	/System/Library/PrivateFrameworks/InternationalSupport.framework/Versions/A/InternationalSupport
0x00000001871e5000 	/usr/lib/libenergytrace.dylib
0x000000018512c000 	/System/Library/Frameworks/IOKit.framework/Versions/A/IOKit
0x0000000191dfb000 	/System/Library/Frameworks/CoreServices.framework/Versions/A/CoreServices
0x0000000189230000 	/System/Library/PrivateFrameworks/PerformanceAnalysis.framework/Versions/A/PerformanceAnalysis
0x00000001c499c000 	/System/Library/Frameworks/OpenGL.framework/Versions/A/OpenGL
0x000000018ddcc000 	/System/Library/PrivateFrameworks/UserActivity.framework/Versions/A/UserActivity
0x0000000187bc5000 	/System/Library/Frameworks/ColorSync.framework/Versions/A/ColorSync
0x000000018af00000 	/System/Library/Frameworks/CoreImage.framework/Versions/A/CoreImage
0x0000000183ff3000 	/System/Library/Frameworks/CoreText.framework/Versions/A/CoreText
0x000000018ace1000 	/System/Library/Frameworks/ImageIO.framework/Versions/A/ImageIO
0x000000018c43d000 	/System/Library/PrivateFrameworks/SoftLinking.framework/Versions/A/SoftLinking
0x00000001892e0000 	/usr/lib/libxml2.2.dylib
0x000000018c6bd000 	/usr/lib/libcompression.dylib
0x000000018dc9a000 	/System/Library/PrivateFrameworks/TextureIO.framework/Versions/A/TextureIO
0x000000018cda8000 	/usr/lib/libate.dylib
0x000000018cbf1000 	/usr/lib/liblzma.5.dylib
0x00000001834fe000 	/System/Library/Frameworks/SystemConfiguration.framework/Versions/A/SystemConfiguration
0x000000018c439000 	/usr/lib/libfakelink.dylib
0x0000000186d4c000 	/System/Library/Frameworks/CFNetwork.framework/Versions/A/CFNetwork
0x000000018c583000 	/usr/lib/libarchive.2.dylib
0x0000000183586000 	/usr/lib/libCRFSuite.dylib
0x000000018bc6e000 	/usr/lib/libbsm.0.dylib
0x0000000186603000 	/usr/lib/libnetwork.dylib
0x000000018c43e000 	/usr/lib/libpcap.A.dylib
0x000000018879f000 	/usr/lib/libdns_services.dylib
0x000000018cc0a000 	/usr/lib/libcoretls_cfhelpers.dylib
0x000000018c68c000 	/usr/lib/libapple_nghttp2.dylib
0x000000018c3d8000 	/usr/lib/system/libkxld.dylib
0x0000000188430000 	/usr/lib/libsqlite3.dylib
0x000000018c18a000 	/System/Library/PrivateFrameworks/AppleFSCompression.framework/Versions/A/AppleFSCompression
0x000000018bc57000 	/usr/lib/libcoretls.dylib
0x000000018c6b8000 	/usr/lib/libpam.2.dylib
0x000000018ccf1000 	/usr/lib/libxar.1.dylib
0x000000018b28a000 	/System/Library/PrivateFrameworks/AppleSystemInfo.framework/Versions/A/AppleSystemInfo
0x000000018b8a7000 	/System/Library/PrivateFrameworks/IOMobileFramebuffer.framework/Versions/A/IOMobileFramebuffer
0x000000018c19a000 	/usr/lib/libbz2.1.0.dylib
0x000000018c47a000 	/usr/lib/libiconv.2.dylib
0x000000018c3d1000 	/usr/lib/libcharset.1.dylib
0x0000000189269000 	/System/Library/Frameworks/CoreServices.framework/Versions/A/Frameworks/FSEvents.framework/Versions/A/FSEvents
0x0000000184dc0000 	/System/Library/Frameworks/CoreServices.framework/Versions/A/Frameworks/CarbonCore.framework/Versions/A/CarbonCore
0x000000018898d000 	/System/Library/Frameworks/CoreServices.framework/Versions/A/Frameworks/Metadata.framework/Versions/A/Metadata
0x000000018c1ac000 	/System/Library/Frameworks/CoreServices.framework/Versions/A/Frameworks/OSServices.framework/Versions/A/OSServices
0x000000018c5f4000 	/System/Library/Frameworks/CoreServices.framework/Versions/A/Frameworks/SearchKit.framework/Versions/A/SearchKit
0x000000018872b000 	/System/Library/Frameworks/CoreServices.framework/Versions/A/Frameworks/AE.framework/Versions/A/AE
0x0000000182ed1000 	/System/Library/Frameworks/CoreServices.framework/Versions/A/Frameworks/LaunchServices.framework/Versions/A/LaunchServices
0x000000018cb9e000 	/System/Library/Frameworks/CoreServices.framework/Versions/A/Frameworks/DictionaryServices.framework/Versions/A/DictionaryServices
0x0000000189276000 	/System/Library/Frameworks/CoreServices.framework/Versions/A/Frameworks/SharedFileList.framework/Versions/A/SharedFileList
0x000000018bc47000 	/usr/lib/libCheckFix.dylib
0x0000000187252000 	/System/Library/PrivateFrameworks/TCC.framework/Versions/A/TCC
0x000000018b290000 	/System/Library/PrivateFrameworks/CoreNLP.framework/Versions/A/CoreNLP
0x0000000188941000 	/System/Library/PrivateFrameworks/MetadataUtilities.framework/Versions/A/MetadataUtilities
0x00000001835ba000 	/usr/lib/libmecabra.dylib
0x000000018bf2d000 	/System/Library/Frameworks/MLCompute.framework/Versions/A/MLCompute
0x000000018bc7f000 	/usr/lib/libmecab.dylib
0x000000018bcc5000 	/usr/lib/libgermantok.dylib
0x000000018c665000 	/usr/lib/libThaiTokenizer.dylib
0x000000018cd2d000 	/usr/lib/libChineseTokenizer.dylib
0x000000018c6b6000 	/System/Library/Frameworks/MetalPerformanceShaders.framework/Versions/A/MetalPerformanceShaders
0x0000000188a2e000 	/System/Library/Frameworks/Accelerate.framework/Versions/A/Frameworks/vImage.framework/Versions/A/vImage
0x0000000191dd9000 	/System/Library/Frameworks/Accelerate.framework/Versions/A/Frameworks/vecLib.framework/Versions/A/vecLib
0x000000018cd38000 	/System/Library/Frameworks/Accelerate.framework/Versions/A/Frameworks/vecLib.framework/Versions/A/libvMisc.dylib
0x000000018b7e5000 	/System/Library/Frameworks/Accelerate.framework/Versions/A/Frameworks/vecLib.framework/Versions/A/libvDSP.dylib
0x00000001831e4000 	/System/Library/Frameworks/Accelerate.framework/Versions/A/Frameworks/vecLib.framework/Versions/A/libBLAS.dylib
0x000000018c6e1000 	/System/Library/Frameworks/Accelerate.framework/Versions/A/Frameworks/vecLib.framework/Versions/A/libLAPACK.dylib
0x000000018bcca000 	/System/Library/Frameworks/Accelerate.framework/Versions/A/Frameworks/vecLib.framework/Versions/A/libLinearAlgebra.dylib
0x000000018c6a3000 	/System/Library/Frameworks/Accelerate.framework/Versions/A/Frameworks/vecLib.framework/Versions/A/libSparseBLAS.dylib
0x000000018c6dc000 	/System/Library/Frameworks/Accelerate.framework/Versions/A/Frameworks/vecLib.framework/Versions/A/libQuadrature.dylib
0x000000018b326000 	/System/Library/Frameworks/Accelerate.framework/Versions/A/Frameworks/vecLib.framework/Versions/A/libBNNS.dylib
0x000000018349a000 	/System/Library/Frameworks/Accelerate.framework/Versions/A/Frameworks/vecLib.framework/Versions/A/libSparse.dylib
0x000000018b219000 	/System/Library/Frameworks/MetalPerformanceShaders.framework/Versions/A/Frameworks/MPSCore.framework/Versions/A/MPSCore
0x000000018c102000 	/System/Library/Frameworks/MetalPerformanceShaders.framework/Versions/A/Frameworks/MPSImage.framework/Versions/A/MPSImage
0x000000018bcdf000 	/System/Library/Frameworks/MetalPerformanceShaders.framework/Versions/A/Frameworks/MPSNeuralNetwork.framework/Versions/A/MPSNeuralNetwork
0x000000018c080000 	/System/Library/Frameworks/MetalPerformanceShaders.framework/Versions/A/Frameworks/MPSMatrix.framework/Versions/A/MPSMatrix
0x000000018bee3000 	/System/Library/Frameworks/MetalPerformanceShaders.framework/Versions/A/Frameworks/MPSRayIntersector.framework/Versions/A/MPSRayIntersector
0x000000018c0af000 	/System/Library/Frameworks/MetalPerformanceShaders.framework/Versions/A/Frameworks/MPSNDArray.framework/Versions/A/MPSNDArray
0x000000018310a000 	/System/Library/PrivateFrameworks/MetalTools.framework/Versions/A/MetalTools
0x000000018b288000 	/System/Library/PrivateFrameworks/AggregateDictionary.framework/Versions/A/AggregateDictionary
0x000000018890b000 	/System/Library/PrivateFrameworks/CoreAnalytics.framework/Versions/A/CoreAnalytics
0x000000018c667000 	/System/Library/PrivateFrameworks/AppleSauce.framework/Versions/A/AppleSauce
0x000000018a625000 	/System/Library/PrivateFrameworks/IOAccelerator.framework/Versions/A/IOAccelerator
0x00000001c498f000 	/System/Library/Frameworks/OpenGL.framework/Versions/A/Libraries/libCoreFSCache.dylib
0x0000000183b76000 	/System/Library/PrivateFrameworks/LanguageModeling.framework/Versions/A/LanguageModeling
0x000000018b894000 	/System/Library/PrivateFrameworks/CoreEmoji.framework/Versions/A/CoreEmoji
0x000000018b31e000 	/System/Library/PrivateFrameworks/LinguisticData.framework/Versions/A/LinguisticData
0x000000018344f000 	/System/Library/PrivateFrameworks/Lexicon.framework/Versions/A/Lexicon
0x000000018c570000 	/usr/lib/libcmph.dylib
0x0000000189249000 	/System/Library/Frameworks/OpenDirectory.framework/Versions/A/Frameworks/CFOpenDirectory.framework/Versions/A/CFOpenDirectory
0x000000018923b000 	/System/Library/Frameworks/OpenDirectory.framework/Versions/A/OpenDirectory
0x000000018cc0c000 	/System/Library/PrivateFrameworks/APFS.framework/Versions/A/APFS
0x000000018bbb0000 	/System/Library/Frameworks/SecurityFoundation.framework/Versions/A/SecurityFoundation
0x000000018ccff000 	/usr/lib/libutil.dylib
0x00000001850f0000 	/System/Library/PrivateFrameworks/CoreServicesStore.framework/Versions/A/CoreServicesStore
0x000000018bc3e000 	/System/Library/Frameworks/ServiceManagement.framework/Versions/A/ServiceManagement
0x000000018cd03000 	/usr/lib/libxslt.1.dylib
0x000000018bc34000 	/System/Library/PrivateFrameworks/BackgroundTaskManagement.framework/Versions/A/BackgroundTaskManagement
0x000000018dbe9000 	/System/Library/Frameworks/ImageIO.framework/Versions/A/Resources/libRadiance.dylib
0x000000018dbf2000 	/System/Library/Frameworks/ImageIO.framework/Versions/A/Resources/libJPEG.dylib
0x000000018db41000 	/System/Library/Frameworks/ImageIO.framework/Versions/A/Resources/libPng.dylib
0x000000018db68000 	/System/Library/Frameworks/ImageIO.framework/Versions/A/Resources/libTIFF.dylib
0x000000018dc43000 	/System/Library/Frameworks/ImageIO.framework/Versions/A/Resources/libGIF.dylib
0x000000018d8be000 	/System/Library/Frameworks/ImageIO.framework/Versions/A/Resources/libJP2.dylib
0x000000018d015000 	/usr/lib/libexpat.1.dylib
0x000000018d87a000 	/System/Library/PrivateFrameworks/AppleJPEG.framework/Versions/A/AppleJPEG
0x000000018a836000 	/System/Library/PrivateFrameworks/FontServices.framework/libFontParser.dylib
0x00000001886dd000 	/System/Library/PrivateFrameworks/RunningBoardServices.framework/Versions/A/RunningBoardServices
0x0000000196dca000 	/System/Library/PrivateFrameworks/IOSurfaceAccelerator.framework/Versions/A/IOSurfaceAccelerator
0x000000018d9a0000 	/System/Library/PrivateFrameworks/WatchdogClient.framework/Versions/A/WatchdogClient
0x0000000183c66000 	/System/Library/Frameworks/CoreDisplay.framework/Versions/A/CoreDisplay
0x000000018a73e000 	/System/Library/Frameworks/CoreMedia.framework/Versions/A/CoreMedia
0x00000001893cd000 	/System/Library/Frameworks/CoreVideo.framework/Versions/A/CoreVideo
0x000000018d9dd000 	/System/Library/Frameworks/VideoToolbox.framework/Versions/A/VideoToolbox
0x000000018865a000 	/System/Library/PrivateFrameworks/BaseBoard.framework/Versions/A/BaseBoard
0x000000018d152000 	/System/Library/PrivateFrameworks/PersistentConnection.framework/Versions/A/PersistentConnection
0x0000000188419000 	/System/Library/PrivateFrameworks/ProtocolBuffer.framework/Versions/A/ProtocolBuffer
0x0000000188643000 	/System/Library/PrivateFrameworks/CommonUtilities.framework/Versions/A/CommonUtilities
0x000000018d83f000 	/System/Library/PrivateFrameworks/Bom.framework/Versions/A/Bom
0x000000018dbe4000 	/System/Library/PrivateFrameworks/GPUWrangler.framework/Versions/A/GPUWrangler
0x000000018dbc5000 	/System/Library/PrivateFrameworks/IOPresentment.framework/Versions/A/IOPresentment
0x000000018dbec000 	/System/Library/PrivateFrameworks/DSExternalDisplay.framework/Versions/A/DSExternalDisplay
0x000000018dc48000 	/System/Library/PrivateFrameworks/CMCaptureCore.framework/Versions/A/CMCaptureCore
0x000000018d5da000 	/System/Library/PrivateFrameworks/AppServerSupport.framework/Versions/A/AppServerSupport
0x000000018f612000 	/System/Library/PrivateFrameworks/perfdata.framework/Versions/A/perfdata
0x000000018bba0000 	/System/Library/PrivateFrameworks/AssertionServices.framework/Versions/A/AssertionServices
0x0000000183d89000 	/System/Library/PrivateFrameworks/AudioToolboxCore.framework/Versions/A/AudioToolboxCore
0x000000018a71e000 	/System/Library/PrivateFrameworks/caulk.framework/Versions/A/caulk
0x000000019e3e0000 	/System/Library/PrivateFrameworks/SystemPolicy.framework/Versions/A/SystemPolicy
0x000000018ce3a000 	/usr/lib/libIOReport.dylib
0x000000018eeae000 	/usr/lib/libSMC.dylib
0x000000018db0e000 	/usr/lib/libAudioToolboxUtility.dylib
0x000000019ed65000 	/usr/lib/libmis.dylib
0x00000001c49f1000 	/System/Library/Frameworks/OpenGL.framework/Versions/A/Libraries/libGLU.dylib
0x00000001c49af000 	/System/Library/Frameworks/OpenGL.framework/Versions/A/Libraries/libGFXShared.dylib
0x00000001c4b97000 	/System/Library/Frameworks/OpenGL.framework/Versions/A/Libraries/libGL.dylib
0x00000001c49b8000 	/System/Library/Frameworks/OpenGL.framework/Versions/A/Libraries/libGLImage.dylib
0x00000001c49ac000 	/System/Library/Frameworks/OpenGL.framework/Versions/A/Libraries/libCVMSPluginSupport.dylib
0x00000001c4996000 	/System/Library/Frameworks/OpenGL.framework/Versions/A/Libraries/libCoreVMClient.dylib
0x000000019590e000 	/System/Library/PrivateFrameworks/ASEProcessing.framework/Versions/A/ASEProcessing
0x000000018d179000 	/System/Library/PrivateFrameworks/GraphVisualizer.framework/Versions/A/GraphVisualizer
0x000000018d187000 	/System/Library/PrivateFrameworks/FaceCore.framework/Versions/A/FaceCore
0x000000018d59a000 	/System/Library/PrivateFrameworks/OTSVG.framework/Versions/A/OTSVG
0x0000000188ff6000 	/System/Library/Frameworks/ApplicationServices.framework/Versions/A/Frameworks/ATS.framework/Versions/A/Resources/libFontRegistry.dylib
0x000000018d5e2000 	/System/Library/PrivateFrameworks/FontServices.framework/libhvf.dylib
0x00000001c4d32000 	/System/Library/Frameworks/OpenCL.framework/Versions/A/OpenCL
0x000000018cfc9000 	/System/Library/PrivateFrameworks/AppleVA.framework/Versions/A/AppleVA
0x000000018ecfa000 	/System/Library/Frameworks/ApplicationServices.framework/Versions/A/Frameworks/ATS.framework/Versions/A/ATS
0x000000018f00d000 	/System/Library/Frameworks/ApplicationServices.framework/Versions/A/Frameworks/ColorSyncLegacy.framework/Versions/A/ColorSyncLegacy
0x0000000187cbb000 	/System/Library/Frameworks/ApplicationServices.framework/Versions/A/Frameworks/HIServices.framework/Versions/A/HIServices
0x000000018efec000 	/System/Library/Frameworks/ApplicationServices.framework/Versions/A/Frameworks/LangAnalysis.framework/Versions/A/LangAnalysis
0x000000018dc52000 	/System/Library/Frameworks/ApplicationServices.framework/Versions/A/Frameworks/PrintCore.framework/Versions/A/PrintCore
0x000000018f015000 	/System/Library/Frameworks/ApplicationServices.framework/Versions/A/Frameworks/QD.framework/Versions/A/QD
0x000000018ece6000 	/System/Library/Frameworks/ApplicationServices.framework/Versions/A/Frameworks/SpeechSynthesis.framework/Versions/A/SpeechSynthesis
0x000000018dc13000 	/System/Library/Frameworks/ApplicationServices.framework/Versions/A/Frameworks/ATSUI.framework/Versions/A/ATSUI
0x000000018ef8e000 	/usr/lib/libcups.2.dylib
0x000000018f000000 	/System/Library/PrivateFrameworks/NetAuth.framework/Versions/A/NetAuth
0x000000018f62c000 	/System/Library/Frameworks/Kerberos.framework/Versions/A/Kerberos
0x000000018f63d000 	/System/Library/Frameworks/GSS.framework/Versions/A/GSS
0x000000018ed69000 	/usr/lib/libresolv.9.dylib
0x000000018d5f8000 	/System/Library/PrivateFrameworks/Heimdal.framework/Versions/A/Heimdal
0x0000000194ef9000 	/System/Library/Frameworks/Kerberos.framework/Versions/A/Libraries/libHeimdalProxy.dylib
0x00000001887af000 	/System/Library/Frameworks/Network.framework/Versions/A/Network
0x000000018d02f000 	/usr/lib/libheimdal-asn1.dylib
0x000000018f685000 	/System/Library/PrivateFrameworks/CommonAuth.framework/Versions/A/CommonAuth
0x0000000189421000 	/System/Library/PrivateFrameworks/login.framework/Versions/A/Frameworks/loginsupport.framework/Versions/A/loginsupport
0x000000018ec6b000 	/System/Library/PrivateFrameworks/AudioSession.framework/Versions/A/AudioSession
0x000000018ecd3000 	/usr/lib/libAudioStatistics.dylib
0x000000018d0af000 	/System/Library/PrivateFrameworks/MediaExperience.framework/Versions/A/MediaExperience
0x000000018eb0c000 	/System/Library/PrivateFrameworks/AudioSession.framework/libSessionUtility.dylib
0x000000018f61e000 	/usr/lib/libperfcheck.dylib
0x000000018f021000 	/System/Library/PrivateFrameworks/AudioResourceArbitration.framework/Versions/A/AudioResourceArbitration
0x000000018d038000 	/System/Library/PrivateFrameworks/IconFoundation.framework/Versions/A/IconFoundation
0x0000000191ac0000 	/System/Library/PrivateFrameworks/SpeechRecognitionCore.framework/Versions/A/SpeechRecognitionCore
0x0000000105000000 	/Library/Java/JavaVirtualMachines/zulu-13.jdk/Contents/Home/lib/server/libjvm.dylib
0x000000010086c000 	/Library/Java/JavaVirtualMachines/zulu-13.jdk/Contents/Home/lib/libverify.dylib
0x0000000100884000 	/Library/Java/JavaVirtualMachines/zulu-13.jdk/Contents/Home/lib/libjava.dylib
0x00000001008bc000 	/Library/Java/JavaVirtualMachines/zulu-13.jdk/Contents/Home/lib/libjimage.dylib
0x00000001008d8000 	/Library/Java/JavaVirtualMachines/zulu-13.jdk/Contents/Home/lib/libjdwp.dylib
0x000000010091c000 	/Library/Java/JavaVirtualMachines/zulu-13.jdk/Contents/Home/lib/libinstrument.dylib
0x000000010097c000 	/Library/Java/JavaVirtualMachines/zulu-13.jdk/Contents/Home/lib/libzip.dylib
0x0000000100aa0000 	/Library/Java/JavaVirtualMachines/zulu-13.jdk/Contents/Home/lib/libdt_socket.dylib
0x0000000100ab4000 	/Library/Java/JavaVirtualMachines/zulu-13.jdk/Contents/Home/lib/libnio.dylib
0x0000000100ad4000 	/Library/Java/JavaVirtualMachines/zulu-13.jdk/Contents/Home/lib/libnet.dylib


VM Arguments:
jvm_args: -agentlib:jdwp=transport=dt_socket,address=127.0.0.1:52203,suspend=y,server=n -javaagent:/Users/tobialoschiavo/Library/Caches/JetBrains/IntelliJIdea2021.2/captureAgent/debugger-agent.jar -Dfile.encoding=UTF-8 
java_command: zio.entity.example.CardSpec
java_class_path (initial): /Users/tobialoschiavo/IdeaProjects/zio-entity/example/target/scala-2.13/test-classes:/Users/tobialoschiavo/IdeaProjects/zio-entity/example/target/scala-2.13/classes:/Users/tobialoschiavo/Library/Caches/Coursier/v1/https/repo1.maven.org/maven2/co/fs2/fs2-core_2.13/2.5.6/fs2-core_2.13-2.5.6.jar:/Users/tobialoschiavo/Library/Caches/Coursier/v1/https/repo1.maven.org/maven2/co/fs2/fs2-io_2.13/2.5.6/fs2-io_2.13-2.5.6.jar:/Users/tobialoschiavo/Library/Caches/Coursier/v1/https/repo1.maven.org/maven2/com/chuusai/shapeless_2.13/2.3.7/shapeless_2.13-2.3.7.jar:/Users/tobialoschiavo/Library/Caches/Coursier/v1/https/repo1.maven.org/maven2/com/github/jnr/jffi/1.2.18/jffi-1.2.18.jar:/Users/tobialoschiavo/Library/Caches/Coursier/v1/https/repo1.maven.org/maven2/com/github/jnr/jffi/1.2.18/jffi-1.2.18-native.jar:/Users/tobialoschiavo/Library/Caches/Coursier/v1/https/repo1.maven.org/maven2/com/github/jnr/jnr-a64asm/1.0.0/jnr-a64asm-1.0.0.jar:/Users/tobialoschiavo/Library/Caches/Coursier/v1/https/repo1.maven.org/maven2/com/github/jnr/jnr-constants/0.9.12/jnr-constants-0.9.12.jar:/Users/tobialoschiavo/Library/Caches/Coursier/v1/https/repo1.maven.org/maven2/com/github/jnr/jnr-ffi/2.1.9/jnr-ffi-2.1.9.jar:/Users/tobialoschiavo/Library/Caches/Coursier/v1/https/repo1.maven.org/maven2/com/github/jnr/jnr-x86asm/1.0.2/jnr-x86asm-1.0.2.jar:/Users/tobialoschiavo/Library/Caches/Coursier/v1/https/repo1.maven.org/maven2/com/google/android/annotations/4.1.1.4/annotations-4.1.1.4.jar:/Users/tobialoschiavo/Library/Caches/Coursier/v1/https/repo1.maven.org/maven2/com/google/api/grpc/proto-google-common-protos/2.0.1/proto-google-common-protos-2.0.1.jar:/Users/tobialoschiavo/Library/Caches/Coursier/v1/https/repo1.maven.org/maven2/com/google/code/findbugs/jsr305/3.0.2/jsr305-3.0.2.jar:/Users/tobialoschiavo/Library/Caches/Coursier/v1/https/repo1.maven.org/maven2/com/google/code/gson/gson/2.8.6/gson-2.8.6.jar:/Users/tobialoschiavo/Library/Caches/Coursier/v1/https/repo1.maven.org/mav
Launcher Type: SUN_STANDARD

[Global flags]
     intx CICompilerCount                          = 4                                         {product} {ergonomic}
     uint ConcGCThreads                            = 2                                         {product} {ergonomic}
     uint G1ConcRefinementThreads                  = 8                                         {product} {ergonomic}
   size_t G1HeapRegionSize                         = 1048576                                   {product} {ergonomic}
    uintx GCDrainStackTargetSize                   = 64                                        {product} {ergonomic}
   size_t InitialHeapSize                          = 268435456                                 {product} {ergonomic}
   size_t MarkStackSize                            = 4194304                                   {product} {ergonomic}
   size_t MaxHeapSize                              = 4294967296                                {product} {ergonomic}
   size_t MaxNewSize                               = 2576351232                                {product} {ergonomic}
   size_t MinHeapDeltaBytes                        = 1048576                                   {product} {ergonomic}
   size_t MinHeapSize                              = 8388608                                   {product} {ergonomic}
    uintx NonNMethodCodeHeapSize                   = 5839564                                {pd product} {ergonomic}
    uintx NonProfiledCodeHeapSize                  = 122909338                              {pd product} {ergonomic}
    uintx ProfiledCodeHeapSize                     = 122909338                              {pd product} {ergonomic}
    uintx ReservedCodeCacheSize                    = 251658240                              {pd product} {ergonomic}
     bool SegmentedCodeCache                       = true                                      {product} {ergonomic}
   size_t SoftMaxHeapSize                          = 4294967296                             {manageable} {ergonomic}
     bool UseCompressedClassPointers               = true                                 {lp64_product} {ergonomic}
     bool UseCompressedOops                        = true                                 {lp64_product} {ergonomic}
     bool UseG1GC                                  = true                                      {product} {ergonomic}

Logging:
Log output configuration:
 #0: stdout all=warning uptime,level,tags
 #1: stderr all=off uptime,level,tags

Environment Variables:
PATH=/opt/homebrew/bin:/opt/homebrew/sbin:/usr/local/bin:/usr/bin:/bin:/usr/sbin:/sbin:/Library/Ballerina/bin:/Library/Apple/usr/bin
SHELL=/bin/zsh

Signal Handlers:
SIGSEGV: [libjvm.dylib+0x74e4c8], sa_mask[0]=11111111011111110111111111111111, sa_flags=SA_ONSTACK|SA_RESTART|SA_SIGINFO
SIGBUS: [libjvm.dylib+0x74e4c8], sa_mask[0]=11111111011111110111111111111111, sa_flags=SA_RESTART|SA_SIGINFO
SIGFPE: [libjvm.dylib+0x74e4c8], sa_mask[0]=11111111011111110111111111111111, sa_flags=SA_RESTART|SA_SIGINFO
SIGPIPE: [libjvm.dylib+0x5acfb0], sa_mask[0]=11111111011111110111111111111111, sa_flags=SA_RESTART|SA_SIGINFO
SIGXFSZ: [libjvm.dylib+0x5acfb0], sa_mask[0]=11111111011111110111111111111111, sa_flags=SA_RESTART|SA_SIGINFO
SIGILL: [libjvm.dylib+0x74e4c8], sa_mask[0]=11111111011111110111111111111111, sa_flags=SA_RESTART|SA_SIGINFO
SIGUSR2: [libjvm.dylib+0x5ad5b0], sa_mask[0]=00100000000000000000000000000000, sa_flags=SA_RESTART|SA_SIGINFO
SIGHUP: [libjvm.dylib+0x5ac238], sa_mask[0]=11111111011111110111111111111111, sa_flags=SA_RESTART|SA_SIGINFO
SIGINT: [libjvm.dylib+0x5ac238], sa_mask[0]=11111111011111110111111111111111, sa_flags=SA_RESTART|SA_SIGINFO
SIGTERM: [libjvm.dylib+0x5ac238], sa_mask[0]=11111111011111110111111111111111, sa_flags=SA_RESTART|SA_SIGINFO
SIGQUIT: [libjvm.dylib+0x5ac238], sa_mask[0]=11111111011111110111111111111111, sa_flags=SA_RESTART|SA_SIGINFO


---------------  S Y S T E M  ---------------

OS:uname:Darwin 20.5.0 Darwin Kernel Version 20.5.0: Sat May  8 05:10:31 PDT 2021; root:xnu-7195.121.3~9/RELEASE_ARM64_T8101 arm64
OS uptime: 0 days 9:22 hours
rlimit (soft/hard): STACK 8176k/65520k , CORE 0k/infinity , NPROC 2666/4000 , NOFILE 10240/infinity , AS infinity/infinity , CPU infinity/infinity , DATA infinity/infinity , FSIZE infinity/infinity , MEMLOCK infinity/infinity , RSS infinity/infinity
load average:4.38 3.25 2.75

CPU:total 8 (initial active 8) 0x61:0x0:0x1b588bb3:0, simd, crc, lse

Memory: 16k page, physical 16777216k(127264k free), swap 1048576k(633088k free)

vm_info: OpenJDK 64-Bit Server VM (13.0.5.1+1-MTS) for bsd-aarch64 JRE (13.0.5.1+1-MTS) (Zulu13.35+1017-CA), built on Nov 23 2020 12:22:33 by "zulu_re" with clang Apple LLVM 12.0.0 (clang-1200.0.32.27)

END.
